[Sun, 23 Jul 17 18:00:26 +0700][DEBUG] SELECT IF(COUNT(*) > 0, 1, 0) FROM `INFORMATION_SCHEMA`.`TABLES` WHERE `TABLE_NAME` = 'options' AND `TABLE_SCHEMA` = DATABASE() 0.0007011890411377
[Sun, 23 Jul 17 18:00:26 +0700][DEBUG] DESCRIBE `options` 0.00089788436889648
[Sun, 23 Jul 17 18:00:26 +0700][DEBUG] SELECT `options`.`id`, `options`.`op_key`, `options`.`op_value`, `options`.`create_by`, `options`.`create_time`, `options`.`modify_by`, `options`.`modify_time` FROM `options` 0.00047492980957031
[Sun, 23 Jul 17 18:00:26 +0700][DEBUG] SELECT `a`.`id` AS `id`, `a`.`title` AS `title`, `a`.`slug` AS `slug`, `a`.`status` AS `status`, `a`.`view_number` AS `view_number`, `a`.`is_recommend` AS `is_recommend`, `a`.`is_top` AS `is_top`, `a`.`create_time` AS `create_time`, `a`.`modify_by` AS `modify_by`, `a`.`modify_time` AS `modify_time` FROM `articles` AS `a` WHERE `a`.`is_deleted` = :is_deleted ORDER BY `a`.`create_time` DESC LIMIT :APL0 0.00057816505432129
[Sun, 23 Jul 17 18:00:26 +0700][DEBUG] SELECT COUNT(*) AS `rowcount` FROM `articles` AS `a` WHERE `a`.`is_deleted` = :is_deleted 0.00031113624572754
[Sun, 23 Jul 17 18:00:26 +0700][DEBUG] SELECT `ac`.`id_article` AS `id_article`, `ac`.`id_category` AS `id_category`, `c`.`name` AS `name` FROM `articles_categories` AS `ac`, `categories` AS `c` WHERE ((`ac`.`id_article` IN (:id0, :id1, :id2, :id3, :id4, :id5, :id6, :id7, :id8, :id9, :id10, :id11, :id12, :id13, :id14, :id15, :id16, :id17, :id18, :id19, :id20, :id21, :id22, :id23, :id24, :id25, :id26, :id27, :id28, :id29)) AND (`ac`.`id_category` = `c`.`id`)) AND (`c`.`is_deleted` = :is_deleted) 0.0013360977172852
[Sun, 23 Jul 17 18:02:03 +0700][DEBUG] SELECT IF(COUNT(*) > 0, 1, 0) FROM `INFORMATION_SCHEMA`.`TABLES` WHERE `TABLE_NAME` = 'options' AND `TABLE_SCHEMA` = DATABASE() 0.00081300735473633
[Sun, 23 Jul 17 18:02:03 +0700][DEBUG] DESCRIBE `options` 0.0014009475708008
[Sun, 23 Jul 17 18:02:03 +0700][DEBUG] SELECT `options`.`id`, `options`.`op_key`, `options`.`op_value`, `options`.`create_by`, `options`.`create_time`, `options`.`modify_by`, `options`.`modify_time` FROM `options` 0.0012450218200684
[Sun, 23 Jul 17 18:02:03 +0700][DEBUG] SELECT `a`.`id` AS `id`, `a`.`title` AS `title`, `a`.`slug` AS `slug`, `a`.`status` AS `status`, `a`.`view_number` AS `view_number`, `a`.`is_recommend` AS `is_recommend`, `a`.`is_top` AS `is_top`, `a`.`create_time` AS `create_time`, `a`.`modify_by` AS `modify_by`, `a`.`modify_time` AS `modify_time` FROM `articles` AS `a` WHERE `a`.`is_deleted` = :is_deleted ORDER BY `a`.`create_time` DESC LIMIT :APL0 0.0010058879852295
[Sun, 23 Jul 17 18:02:03 +0700][DEBUG] SELECT COUNT(*) AS `rowcount` FROM `articles` AS `a` WHERE `a`.`is_deleted` = :is_deleted 0.00037407875061035
[Sun, 23 Jul 17 18:02:03 +0700][DEBUG] SELECT `ac`.`id_article` AS `id_article`, `ac`.`id_category` AS `id_category`, `c`.`name` AS `name` FROM `articles_categories` AS `ac`, `categories` AS `c` WHERE ((`ac`.`id_article` IN (:id0, :id1, :id2, :id3, :id4, :id5, :id6, :id7, :id8, :id9, :id10, :id11, :id12, :id13, :id14, :id15, :id16, :id17, :id18, :id19, :id20, :id21, :id22, :id23, :id24, :id25, :id26, :id27, :id28, :id29)) AND (`ac`.`id_category` = `c`.`id`)) AND (`c`.`is_deleted` = :is_deleted) 0.0016980171203613
[Sun, 23 Jul 17 18:11:14 +0700][DEBUG] SELECT IF(COUNT(*) > 0, 1, 0) FROM `INFORMATION_SCHEMA`.`TABLES` WHERE `TABLE_NAME` = 'options' AND `TABLE_SCHEMA` = DATABASE() 0.00086402893066406
[Sun, 23 Jul 17 18:11:14 +0700][DEBUG] DESCRIBE `options` 0.0010471343994141
[Sun, 23 Jul 17 18:11:14 +0700][DEBUG] SELECT `options`.`id`, `options`.`op_key`, `options`.`op_value`, `options`.`create_by`, `options`.`create_time`, `options`.`modify_by`, `options`.`modify_time` FROM `options` 0.00058603286743164
[Sun, 23 Jul 17 18:11:14 +0700][DEBUG] SELECT `a`.`id` AS `id`, `a`.`title` AS `title`, `a`.`slug` AS `slug`, `a`.`status` AS `status`, `a`.`view_number` AS `view_number`, `a`.`is_recommend` AS `is_recommend`, `a`.`is_top` AS `is_top`, `a`.`create_time` AS `create_time`, `a`.`modify_by` AS `modify_by`, `a`.`modify_time` AS `modify_time` FROM `articles` AS `a` WHERE `a`.`is_deleted` = :is_deleted ORDER BY `a`.`create_time` DESC LIMIT :APL0 0.00073719024658203
[Sun, 23 Jul 17 18:11:14 +0700][DEBUG] SELECT COUNT(*) AS `rowcount` FROM `articles` AS `a` WHERE `a`.`is_deleted` = :is_deleted 0.00024795532226562
[Sun, 23 Jul 17 18:11:14 +0700][DEBUG] SELECT `ac`.`id_article` AS `id_article`, `ac`.`id_category` AS `id_category`, `c`.`name` AS `name` FROM `articles_categories` AS `ac`, `categories` AS `c` WHERE ((`ac`.`id_article` IN (:id0, :id1, :id2, :id3, :id4, :id5, :id6, :id7, :id8, :id9, :id10, :id11, :id12, :id13, :id14, :id15, :id16, :id17, :id18, :id19, :id20, :id21, :id22, :id23, :id24, :id25, :id26, :id27, :id28, :id29)) AND (`ac`.`id_category` = `c`.`id`)) AND (`c`.`is_deleted` = :is_deleted) 0.001255989074707
[Sun, 23 Jul 17 18:12:14 +0700][DEBUG] SELECT IF(COUNT(*) > 0, 1, 0) FROM `INFORMATION_SCHEMA`.`TABLES` WHERE `TABLE_NAME` = 'options' AND `TABLE_SCHEMA` = DATABASE() 0.00078105926513672
[Sun, 23 Jul 17 18:12:14 +0700][DEBUG] DESCRIBE `options` 0.0017659664154053
[Sun, 23 Jul 17 18:12:14 +0700][DEBUG] SELECT `options`.`id`, `options`.`op_key`, `options`.`op_value`, `options`.`create_by`, `options`.`create_time`, `options`.`modify_by`, `options`.`modify_time` FROM `options` 0.00052809715270996
[Sun, 23 Jul 17 18:12:14 +0700][DEBUG] SELECT `a`.`id` AS `id`, `a`.`title` AS `title`, `a`.`slug` AS `slug`, `a`.`status` AS `status`, `a`.`view_number` AS `view_number`, `a`.`is_recommend` AS `is_recommend`, `a`.`is_top` AS `is_top`, `a`.`create_time` AS `create_time`, `a`.`modify_by` AS `modify_by`, `a`.`modify_time` AS `modify_time` FROM `articles` AS `a` WHERE `a`.`is_deleted` = :is_deleted ORDER BY `a`.`create_time` DESC LIMIT :APL0 0.0014228820800781
[Sun, 23 Jul 17 18:12:14 +0700][DEBUG] SELECT COUNT(*) AS `rowcount` FROM `articles` AS `a` WHERE `a`.`is_deleted` = :is_deleted 0.00037097930908203
[Sun, 23 Jul 17 18:12:14 +0700][DEBUG] SELECT `ac`.`id_article` AS `id_article`, `ac`.`id_category` AS `id_category`, `c`.`name` AS `name` FROM `articles_categories` AS `ac`, `categories` AS `c` WHERE ((`ac`.`id_article` IN (:id0, :id1, :id2, :id3, :id4, :id5, :id6, :id7, :id8, :id9, :id10, :id11, :id12, :id13, :id14, :id15, :id16, :id17, :id18, :id19, :id20, :id21, :id22, :id23, :id24, :id25, :id26, :id27, :id28, :id29)) AND (`ac`.`id_category` = `c`.`id`)) AND (`c`.`is_deleted` = :is_deleted) 0.0015690326690674
[Sun, 23 Jul 17 18:16:42 +0700][DEBUG] SELECT IF(COUNT(*) > 0, 1, 0) FROM `INFORMATION_SCHEMA`.`TABLES` WHERE `TABLE_NAME` = 'options' AND `TABLE_SCHEMA` = DATABASE() 0.00087404251098633
[Sun, 23 Jul 17 18:16:42 +0700][DEBUG] DESCRIBE `options` 0.00090694427490234
[Sun, 23 Jul 17 18:16:42 +0700][DEBUG] SELECT `options`.`id`, `options`.`op_key`, `options`.`op_value`, `options`.`create_by`, `options`.`create_time`, `options`.`modify_by`, `options`.`modify_time` FROM `options` 0.0004889965057373
[Sun, 23 Jul 17 18:16:42 +0700][DEBUG] SELECT `a`.`id` AS `id`, `a`.`title` AS `title`, `a`.`slug` AS `slug`, `a`.`status` AS `status`, `a`.`view_number` AS `view_number`, `a`.`is_recommend` AS `is_recommend`, `a`.`is_top` AS `is_top`, `a`.`create_time` AS `create_time`, `a`.`modify_by` AS `modify_by`, `a`.`modify_time` AS `modify_time` FROM `articles` AS `a` WHERE `a`.`is_deleted` = :is_deleted ORDER BY `a`.`create_time` DESC LIMIT :APL0 0.00059890747070312
[Sun, 23 Jul 17 18:16:42 +0700][DEBUG] SELECT COUNT(*) AS `rowcount` FROM `articles` AS `a` WHERE `a`.`is_deleted` = :is_deleted 0.00025081634521484
[Sun, 23 Jul 17 18:16:42 +0700][DEBUG] SELECT `ac`.`id_article` AS `id_article`, `ac`.`id_category` AS `id_category`, `c`.`name` AS `name` FROM `articles_categories` AS `ac`, `categories` AS `c` WHERE ((`ac`.`id_article` IN (:id0, :id1, :id2, :id3, :id4, :id5, :id6, :id7, :id8, :id9, :id10, :id11, :id12, :id13, :id14, :id15, :id16, :id17, :id18, :id19, :id20, :id21, :id22, :id23, :id24, :id25, :id26, :id27, :id28, :id29)) AND (`ac`.`id_category` = `c`.`id`)) AND (`c`.`is_deleted` = :is_deleted) 0.001107931137085
[Sun, 23 Jul 17 18:16:42 +0700][DEBUG] SELECT `a`.`id` AS `id`, `a`.`title` AS `title`, `a`.`slug` AS `slug`, `a`.`status` AS `status`, `a`.`view_number` AS `view_number`, `a`.`is_recommend` AS `is_recommend`, `a`.`is_top` AS `is_top`, `a`.`create_time` AS `create_time`, `a`.`modify_by` AS `modify_by`, `a`.`modify_time` AS `modify_time` FROM `articles` AS `a` WHERE `a`.`is_deleted` = :is_deleted ORDER BY `a`.`create_time` DESC LIMIT :APL0 0.0012519359588623
[Sun, 23 Jul 17 18:16:42 +0700][DEBUG] SELECT COUNT(*) AS `rowcount` FROM `articles` AS `a` WHERE `a`.`is_deleted` = :is_deleted 0.00029897689819336
[Sun, 23 Jul 17 18:16:42 +0700][DEBUG] SELECT `ac`.`id_article` AS `id_article`, `ac`.`id_category` AS `id_category`, `c`.`name` AS `name` FROM `articles_categories` AS `ac`, `categories` AS `c` WHERE ((`ac`.`id_article` IN (:id0, :id1, :id2, :id3, :id4, :id5, :id6, :id7, :id8, :id9, :id10, :id11, :id12, :id13, :id14, :id15, :id16, :id17, :id18, :id19, :id20, :id21, :id22, :id23, :id24, :id25, :id26, :id27, :id28, :id29)) AND (`ac`.`id_category` = `c`.`id`)) AND (`c`.`is_deleted` = :is_deleted) 0.0017359256744385
[Sun, 23 Jul 17 18:16:59 +0700][DEBUG] SELECT IF(COUNT(*) > 0, 1, 0) FROM `INFORMATION_SCHEMA`.`TABLES` WHERE `TABLE_NAME` = 'options' AND `TABLE_SCHEMA` = DATABASE() 0.00060701370239258
[Sun, 23 Jul 17 18:16:59 +0700][DEBUG] DESCRIBE `options` 0.00077104568481445
[Sun, 23 Jul 17 18:16:59 +0700][DEBUG] SELECT `options`.`id`, `options`.`op_key`, `options`.`op_value`, `options`.`create_by`, `options`.`create_time`, `options`.`modify_by`, `options`.`modify_time` FROM `options` 0.00041508674621582
[Sun, 23 Jul 17 18:16:59 +0700][DEBUG] SELECT `a`.`id` AS `id`, `a`.`title` AS `title`, `a`.`slug` AS `slug`, `a`.`status` AS `status`, `a`.`view_number` AS `view_number`, `a`.`is_recommend` AS `is_recommend`, `a`.`is_top` AS `is_top`, `a`.`create_time` AS `create_time`, `a`.`modify_by` AS `modify_by`, `a`.`modify_time` AS `modify_time` FROM `articles` AS `a` WHERE `a`.`is_deleted` = :is_deleted ORDER BY `a`.`create_time` DESC LIMIT :APL0 0.00072288513183594
[Sun, 23 Jul 17 18:16:59 +0700][DEBUG] SELECT COUNT(*) AS `rowcount` FROM `articles` AS `a` WHERE `a`.`is_deleted` = :is_deleted 0.00021600723266602
[Sun, 23 Jul 17 18:16:59 +0700][DEBUG] SELECT `ac`.`id_article` AS `id_article`, `ac`.`id_category` AS `id_category`, `c`.`name` AS `name` FROM `articles_categories` AS `ac`, `categories` AS `c` WHERE ((`ac`.`id_article` IN (:id0, :id1, :id2, :id3, :id4, :id5, :id6, :id7, :id8, :id9, :id10, :id11, :id12, :id13, :id14, :id15, :id16, :id17, :id18, :id19, :id20, :id21, :id22, :id23, :id24, :id25, :id26, :id27, :id28, :id29)) AND (`ac`.`id_category` = `c`.`id`)) AND (`c`.`is_deleted` = :is_deleted) 0.0017459392547607
[Sun, 23 Jul 17 18:17:28 +0700][DEBUG] SELECT IF(COUNT(*) > 0, 1, 0) FROM `INFORMATION_SCHEMA`.`TABLES` WHERE `TABLE_NAME` = 'options' AND `TABLE_SCHEMA` = DATABASE() 0.00089001655578613
[Sun, 23 Jul 17 18:17:28 +0700][DEBUG] DESCRIBE `options` 0.0010080337524414
[Sun, 23 Jul 17 18:17:28 +0700][DEBUG] SELECT `options`.`id`, `options`.`op_key`, `options`.`op_value`, `options`.`create_by`, `options`.`create_time`, `options`.`modify_by`, `options`.`modify_time` FROM `options` 0.0005490779876709
[Sun, 23 Jul 17 18:17:28 +0700][DEBUG] SELECT `a`.`id` AS `id`, `a`.`title` AS `title`, `a`.`slug` AS `slug`, `a`.`status` AS `status`, `a`.`view_number` AS `view_number`, `a`.`is_recommend` AS `is_recommend`, `a`.`is_top` AS `is_top`, `a`.`create_time` AS `create_time`, `a`.`modify_by` AS `modify_by`, `a`.`modify_time` AS `modify_time` FROM `articles` AS `a` WHERE `a`.`is_deleted` = :is_deleted ORDER BY `a`.`create_time` DESC LIMIT :APL0 0.0012140274047852
[Sun, 23 Jul 17 18:17:28 +0700][DEBUG] SELECT COUNT(*) AS `rowcount` FROM `articles` AS `a` WHERE `a`.`is_deleted` = :is_deleted 0.00057196617126465
[Sun, 23 Jul 17 18:17:28 +0700][DEBUG] SELECT `ac`.`id_article` AS `id_article`, `ac`.`id_category` AS `id_category`, `c`.`name` AS `name` FROM `articles_categories` AS `ac`, `categories` AS `c` WHERE ((`ac`.`id_article` IN (:id0, :id1, :id2, :id3, :id4, :id5, :id6, :id7, :id8, :id9, :id10, :id11, :id12, :id13, :id14, :id15, :id16, :id17, :id18, :id19, :id20, :id21, :id22, :id23, :id24, :id25, :id26, :id27, :id28, :id29)) AND (`ac`.`id_category` = `c`.`id`)) AND (`c`.`is_deleted` = :is_deleted) 0.0030930042266846
[Sun, 23 Jul 17 18:17:49 +0700][DEBUG] SELECT IF(COUNT(*) > 0, 1, 0) FROM `INFORMATION_SCHEMA`.`TABLES` WHERE `TABLE_NAME` = 'options' AND `TABLE_SCHEMA` = DATABASE() 0.00063395500183105
[Sun, 23 Jul 17 18:17:49 +0700][DEBUG] DESCRIBE `options` 0.0007929801940918
[Sun, 23 Jul 17 18:17:49 +0700][DEBUG] SELECT `options`.`id`, `options`.`op_key`, `options`.`op_value`, `options`.`create_by`, `options`.`create_time`, `options`.`modify_by`, `options`.`modify_time` FROM `options` 0.00038599967956543
[Sun, 23 Jul 17 18:17:49 +0700][DEBUG] SELECT `a`.`id` AS `id`, `a`.`title` AS `title`, `a`.`slug` AS `slug`, `a`.`status` AS `status`, `a`.`view_number` AS `view_number`, `a`.`is_recommend` AS `is_recommend`, `a`.`is_top` AS `is_top`, `a`.`create_time` AS `create_time`, `a`.`modify_by` AS `modify_by`, `a`.`modify_time` AS `modify_time` FROM `articles` AS `a` WHERE `a`.`is_deleted` = :is_deleted ORDER BY `a`.`create_time` DESC LIMIT :APL0 0.00053501129150391
[Sun, 23 Jul 17 18:17:49 +0700][DEBUG] SELECT COUNT(*) AS `rowcount` FROM `articles` AS `a` WHERE `a`.`is_deleted` = :is_deleted 0.0003359317779541
[Sun, 23 Jul 17 18:17:49 +0700][DEBUG] SELECT `ac`.`id_article` AS `id_article`, `ac`.`id_category` AS `id_category`, `c`.`name` AS `name` FROM `articles_categories` AS `ac`, `categories` AS `c` WHERE ((`ac`.`id_article` IN (:id0, :id1, :id2, :id3, :id4, :id5, :id6, :id7, :id8, :id9, :id10, :id11, :id12, :id13, :id14, :id15, :id16, :id17, :id18, :id19, :id20, :id21, :id22, :id23, :id24, :id25, :id26, :id27, :id28, :id29)) AND (`ac`.`id_category` = `c`.`id`)) AND (`c`.`is_deleted` = :is_deleted) 0.0012061595916748
[Sun, 23 Jul 17 18:19:24 +0700][DEBUG] SELECT IF(COUNT(*) > 0, 1, 0) FROM `INFORMATION_SCHEMA`.`TABLES` WHERE `TABLE_NAME` = 'options' AND `TABLE_SCHEMA` = DATABASE() 0.00072121620178223
[Sun, 23 Jul 17 18:19:24 +0700][DEBUG] DESCRIBE `options` 0.00087285041809082
[Sun, 23 Jul 17 18:19:24 +0700][DEBUG] SELECT `options`.`id`, `options`.`op_key`, `options`.`op_value`, `options`.`create_by`, `options`.`create_time`, `options`.`modify_by`, `options`.`modify_time` FROM `options` 0.00049114227294922
[Sun, 23 Jul 17 18:19:24 +0700][DEBUG] SELECT `a`.`id` AS `id`, `a`.`title` AS `title`, `a`.`slug` AS `slug`, `a`.`status` AS `status`, `a`.`view_number` AS `view_number`, `a`.`is_recommend` AS `is_recommend`, `a`.`is_top` AS `is_top`, `a`.`create_time` AS `create_time`, `a`.`modify_by` AS `modify_by`, `a`.`modify_time` AS `modify_time` FROM `articles` AS `a` WHERE `a`.`is_deleted` = :is_deleted ORDER BY `a`.`create_time` DESC LIMIT :APL0 0.00098299980163574
[Sun, 23 Jul 17 18:19:24 +0700][DEBUG] SELECT COUNT(*) AS `rowcount` FROM `articles` AS `a` WHERE `a`.`is_deleted` = :is_deleted 0.00027012825012207
[Sun, 23 Jul 17 18:19:24 +0700][DEBUG] SELECT `ac`.`id_article` AS `id_article`, `ac`.`id_category` AS `id_category`, `c`.`name` AS `name` FROM `articles_categories` AS `ac`, `categories` AS `c` WHERE ((`ac`.`id_article` IN (:id0, :id1, :id2, :id3, :id4, :id5, :id6, :id7, :id8, :id9, :id10, :id11, :id12, :id13, :id14, :id15, :id16, :id17, :id18, :id19, :id20, :id21, :id22, :id23, :id24, :id25, :id26, :id27, :id28, :id29)) AND (`ac`.`id_category` = `c`.`id`)) AND (`c`.`is_deleted` = :is_deleted) 0.0012450218200684
[Sun, 23 Jul 17 18:20:40 +0700][DEBUG] SELECT IF(COUNT(*) > 0, 1, 0) FROM `INFORMATION_SCHEMA`.`TABLES` WHERE `TABLE_NAME` = 'options' AND `TABLE_SCHEMA` = DATABASE() 0.0014488697052002
[Sun, 23 Jul 17 18:20:40 +0700][DEBUG] DESCRIBE `options` 0.0019519329071045
[Sun, 23 Jul 17 18:20:40 +0700][DEBUG] SELECT `options`.`id`, `options`.`op_key`, `options`.`op_value`, `options`.`create_by`, `options`.`create_time`, `options`.`modify_by`, `options`.`modify_time` FROM `options` 0.0011839866638184
[Sun, 23 Jul 17 18:20:40 +0700][DEBUG] SELECT `a`.`id` AS `id`, `a`.`title` AS `title`, `a`.`slug` AS `slug`, `a`.`status` AS `status`, `a`.`view_number` AS `view_number`, `a`.`is_recommend` AS `is_recommend`, `a`.`is_top` AS `is_top`, `a`.`create_time` AS `create_time`, `a`.`modify_by` AS `modify_by`, `a`.`modify_time` AS `modify_time` FROM `articles` AS `a` WHERE `a`.`is_deleted` = :is_deleted ORDER BY `a`.`create_time` DESC LIMIT :APL0 0.0017368793487549
[Sun, 23 Jul 17 18:20:40 +0700][DEBUG] SELECT COUNT(*) AS `rowcount` FROM `articles` AS `a` WHERE `a`.`is_deleted` = :is_deleted 0.00051999092102051
[Sun, 23 Jul 17 18:20:40 +0700][DEBUG] SELECT `ac`.`id_article` AS `id_article`, `ac`.`id_category` AS `id_category`, `c`.`name` AS `name` FROM `articles_categories` AS `ac`, `categories` AS `c` WHERE ((`ac`.`id_article` IN (:id0, :id1, :id2, :id3, :id4, :id5, :id6, :id7, :id8, :id9, :id10, :id11, :id12, :id13, :id14, :id15, :id16, :id17, :id18, :id19, :id20, :id21, :id22, :id23, :id24, :id25, :id26, :id27, :id28, :id29)) AND (`ac`.`id_category` = `c`.`id`)) AND (`c`.`is_deleted` = :is_deleted) 0.0035800933837891
[Sun, 23 Jul 17 18:21:25 +0700][DEBUG] SELECT IF(COUNT(*) > 0, 1, 0) FROM `INFORMATION_SCHEMA`.`TABLES` WHERE `TABLE_NAME` = 'options' AND `TABLE_SCHEMA` = DATABASE() 0.0009760856628418
[Sun, 23 Jul 17 18:21:25 +0700][DEBUG] DESCRIBE `options` 0.0011639595031738
[Sun, 23 Jul 17 18:21:25 +0700][DEBUG] SELECT `options`.`id`, `options`.`op_key`, `options`.`op_value`, `options`.`create_by`, `options`.`create_time`, `options`.`modify_by`, `options`.`modify_time` FROM `options` 0.00059914588928223
[Sun, 23 Jul 17 18:21:25 +0700][DEBUG] SELECT `a`.`id` AS `id`, `a`.`title` AS `title`, `a`.`slug` AS `slug`, `a`.`status` AS `status`, `a`.`view_number` AS `view_number`, `a`.`is_recommend` AS `is_recommend`, `a`.`is_top` AS `is_top`, `a`.`create_time` AS `create_time`, `a`.`modify_by` AS `modify_by`, `a`.`modify_time` AS `modify_time` FROM `articles` AS `a` WHERE `a`.`is_deleted` = :is_deleted ORDER BY `a`.`create_time` DESC LIMIT :APL0 0.00093388557434082
[Sun, 23 Jul 17 18:21:25 +0700][DEBUG] SELECT COUNT(*) AS `rowcount` FROM `articles` AS `a` WHERE `a`.`is_deleted` = :is_deleted 0.00049901008605957
[Sun, 23 Jul 17 18:21:25 +0700][DEBUG] SELECT `ac`.`id_article` AS `id_article`, `ac`.`id_category` AS `id_category`, `c`.`name` AS `name` FROM `articles_categories` AS `ac`, `categories` AS `c` WHERE ((`ac`.`id_article` IN (:id0, :id1, :id2, :id3, :id4, :id5, :id6, :id7, :id8, :id9, :id10, :id11, :id12, :id13, :id14, :id15, :id16, :id17, :id18, :id19, :id20, :id21, :id22, :id23, :id24, :id25, :id26, :id27, :id28, :id29)) AND (`ac`.`id_category` = `c`.`id`)) AND (`c`.`is_deleted` = :is_deleted) 0.0020458698272705
[Sun, 23 Jul 17 18:21:36 +0700][DEBUG] SELECT IF(COUNT(*) > 0, 1, 0) FROM `INFORMATION_SCHEMA`.`TABLES` WHERE `TABLE_NAME` = 'options' AND `TABLE_SCHEMA` = DATABASE() 0.00076699256896973
[Sun, 23 Jul 17 18:21:36 +0700][DEBUG] DESCRIBE `options` 0.0010759830474854
[Sun, 23 Jul 17 18:21:36 +0700][DEBUG] SELECT `options`.`id`, `options`.`op_key`, `options`.`op_value`, `options`.`create_by`, `options`.`create_time`, `options`.`modify_by`, `options`.`modify_time` FROM `options` 0.00064706802368164
[Sun, 23 Jul 17 18:21:36 +0700][DEBUG] SELECT `a`.`id` AS `id`, `a`.`title` AS `title`, `a`.`slug` AS `slug`, `a`.`status` AS `status`, `a`.`view_number` AS `view_number`, `a`.`is_recommend` AS `is_recommend`, `a`.`is_top` AS `is_top`, `a`.`create_time` AS `create_time`, `a`.`modify_by` AS `modify_by`, `a`.`modify_time` AS `modify_time` FROM `articles` AS `a` WHERE `a`.`is_deleted` = :is_deleted ORDER BY `a`.`create_time` DESC LIMIT :APL0 0.00088691711425781
[Sun, 23 Jul 17 18:21:36 +0700][DEBUG] SELECT COUNT(*) AS `rowcount` FROM `articles` AS `a` WHERE `a`.`is_deleted` = :is_deleted 0.00027608871459961
[Sun, 23 Jul 17 18:21:36 +0700][DEBUG] SELECT `ac`.`id_article` AS `id_article`, `ac`.`id_category` AS `id_category`, `c`.`name` AS `name` FROM `articles_categories` AS `ac`, `categories` AS `c` WHERE ((`ac`.`id_article` IN (:id0, :id1, :id2, :id3, :id4, :id5, :id6, :id7, :id8, :id9, :id10, :id11, :id12, :id13, :id14, :id15, :id16, :id17, :id18, :id19, :id20, :id21, :id22, :id23, :id24, :id25, :id26, :id27, :id28, :id29)) AND (`ac`.`id_category` = `c`.`id`)) AND (`c`.`is_deleted` = :is_deleted) 0.002094030380249
[Sun, 23 Jul 17 18:21:57 +0700][DEBUG] SELECT IF(COUNT(*) > 0, 1, 0) FROM `INFORMATION_SCHEMA`.`TABLES` WHERE `TABLE_NAME` = 'options' AND `TABLE_SCHEMA` = DATABASE() 0.00086808204650879
[Sun, 23 Jul 17 18:21:57 +0700][DEBUG] DESCRIBE `options` 0.0014581680297852
[Sun, 23 Jul 17 18:21:57 +0700][DEBUG] SELECT `options`.`id`, `options`.`op_key`, `options`.`op_value`, `options`.`create_by`, `options`.`create_time`, `options`.`modify_by`, `options`.`modify_time` FROM `options` 0.00063586235046387
[Sun, 23 Jul 17 18:21:57 +0700][DEBUG] SELECT `a`.`id` AS `id`, `a`.`title` AS `title`, `a`.`slug` AS `slug`, `a`.`status` AS `status`, `a`.`view_number` AS `view_number`, `a`.`is_recommend` AS `is_recommend`, `a`.`is_top` AS `is_top`, `a`.`create_time` AS `create_time`, `a`.`modify_by` AS `modify_by`, `a`.`modify_time` AS `modify_time` FROM `articles` AS `a` WHERE `a`.`is_deleted` = :is_deleted ORDER BY `a`.`create_time` DESC LIMIT :APL0 0.00081205368041992
[Sun, 23 Jul 17 18:21:57 +0700][DEBUG] SELECT COUNT(*) AS `rowcount` FROM `articles` AS `a` WHERE `a`.`is_deleted` = :is_deleted 0.00028800964355469
[Sun, 23 Jul 17 18:21:57 +0700][DEBUG] SELECT `ac`.`id_article` AS `id_article`, `ac`.`id_category` AS `id_category`, `c`.`name` AS `name` FROM `articles_categories` AS `ac`, `categories` AS `c` WHERE ((`ac`.`id_article` IN (:id0, :id1, :id2, :id3, :id4, :id5, :id6, :id7, :id8, :id9, :id10, :id11, :id12, :id13, :id14, :id15, :id16, :id17, :id18, :id19, :id20, :id21, :id22, :id23, :id24, :id25, :id26, :id27, :id28, :id29)) AND (`ac`.`id_category` = `c`.`id`)) AND (`c`.`is_deleted` = :is_deleted) 0.0018470287322998
[Sun, 23 Jul 17 18:33:16 +0700][DEBUG] SELECT IF(COUNT(*) > 0, 1, 0) FROM `INFORMATION_SCHEMA`.`TABLES` WHERE `TABLE_NAME` = 'options' AND `TABLE_SCHEMA` = DATABASE() 0.00084710121154785
[Sun, 23 Jul 17 18:33:16 +0700][DEBUG] DESCRIBE `options` 0.0014631748199463
[Sun, 23 Jul 17 18:33:16 +0700][DEBUG] SELECT `options`.`id`, `options`.`op_key`, `options`.`op_value`, `options`.`create_by`, `options`.`create_time`, `options`.`modify_by`, `options`.`modify_time` FROM `options` 0.00075697898864746
[Sun, 23 Jul 17 18:33:16 +0700][DEBUG] SELECT `a`.`id` AS `id`, `a`.`title` AS `title`, `a`.`slug` AS `slug`, `a`.`status` AS `status`, `a`.`view_number` AS `view_number`, `a`.`is_recommend` AS `is_recommend`, `a`.`is_top` AS `is_top`, `a`.`create_time` AS `create_time`, `a`.`modify_by` AS `modify_by`, `a`.`modify_time` AS `modify_time` FROM `articles` AS `a` WHERE `a`.`is_deleted` = :is_deleted ORDER BY `a`.`create_time` DESC LIMIT :APL0 0.002094030380249
[Sun, 23 Jul 17 18:33:16 +0700][DEBUG] SELECT COUNT(*) AS `rowcount` FROM `articles` AS `a` WHERE `a`.`is_deleted` = :is_deleted 0.0014820098876953
[Sun, 23 Jul 17 18:33:17 +0700][DEBUG] SELECT `ac`.`id_article` AS `id_article`, `ac`.`id_category` AS `id_category`, `c`.`name` AS `name` FROM `articles_categories` AS `ac`, `categories` AS `c` WHERE ((`ac`.`id_article` IN (:id0, :id1, :id2, :id3, :id4, :id5, :id6, :id7, :id8, :id9, :id10, :id11, :id12, :id13, :id14, :id15, :id16, :id17, :id18, :id19, :id20, :id21, :id22, :id23, :id24, :id25, :id26, :id27, :id28, :id29)) AND (`ac`.`id_category` = `c`.`id`)) AND (`c`.`is_deleted` = :is_deleted) 0.0016961097717285
[Sun, 23 Jul 17 18:33:18 +0700][DEBUG] SELECT IF(COUNT(*) > 0, 1, 0) FROM `INFORMATION_SCHEMA`.`TABLES` WHERE `TABLE_NAME` = 'options' AND `TABLE_SCHEMA` = DATABASE() 0.00076794624328613
[Sun, 23 Jul 17 18:33:18 +0700][DEBUG] DESCRIBE `options` 0.0011880397796631
[Sun, 23 Jul 17 18:33:18 +0700][DEBUG] SELECT `options`.`id`, `options`.`op_key`, `options`.`op_value`, `options`.`create_by`, `options`.`create_time`, `options`.`modify_by`, `options`.`modify_time` FROM `options` 0.00061202049255371
[Sun, 23 Jul 17 18:33:18 +0700][DEBUG] SELECT `a`.`id` AS `id`, `a`.`title` AS `title`, `a`.`slug` AS `slug`, `a`.`status` AS `status`, `a`.`view_number` AS `view_number`, `a`.`is_recommend` AS `is_recommend`, `a`.`is_top` AS `is_top`, `a`.`create_time` AS `create_time`, `a`.`modify_by` AS `modify_by`, `a`.`modify_time` AS `modify_time` FROM `articles` AS `a` WHERE `a`.`is_deleted` = :is_deleted ORDER BY `a`.`create_time` DESC LIMIT :APL0 0.011447906494141
[Sun, 23 Jul 17 18:33:18 +0700][DEBUG] SELECT COUNT(*) AS `rowcount` FROM `articles` AS `a` WHERE `a`.`is_deleted` = :is_deleted 0.0007319450378418
[Sun, 23 Jul 17 18:33:18 +0700][DEBUG] SELECT `ac`.`id_article` AS `id_article`, `ac`.`id_category` AS `id_category`, `c`.`name` AS `name` FROM `articles_categories` AS `ac`, `categories` AS `c` WHERE ((`ac`.`id_article` IN (:id0, :id1, :id2, :id3, :id4, :id5, :id6, :id7, :id8, :id9, :id10, :id11, :id12, :id13, :id14, :id15, :id16, :id17, :id18, :id19, :id20, :id21, :id22, :id23, :id24, :id25, :id26, :id27, :id28, :id29)) AND (`ac`.`id_category` = `c`.`id`)) AND (`c`.`is_deleted` = :is_deleted) 0.00307297706604
[Sun, 23 Jul 17 18:33:20 +0700][DEBUG] SELECT IF(COUNT(*) > 0, 1, 0) FROM `INFORMATION_SCHEMA`.`TABLES` WHERE `TABLE_NAME` = 'options' AND `TABLE_SCHEMA` = DATABASE() 0.0010747909545898
[Sun, 23 Jul 17 18:33:20 +0700][DEBUG] DESCRIBE `options` 0.0011351108551025
[Sun, 23 Jul 17 18:33:20 +0700][DEBUG] SELECT `options`.`id`, `options`.`op_key`, `options`.`op_value`, `options`.`create_by`, `options`.`create_time`, `options`.`modify_by`, `options`.`modify_time` FROM `options` 0.00063705444335938
[Sun, 23 Jul 17 18:33:20 +0700][DEBUG] SELECT `a`.`id` AS `id`, `a`.`title` AS `title`, `a`.`slug` AS `slug`, `a`.`status` AS `status`, `a`.`view_number` AS `view_number`, `a`.`is_recommend` AS `is_recommend`, `a`.`is_top` AS `is_top`, `a`.`create_time` AS `create_time`, `a`.`modify_by` AS `modify_by`, `a`.`modify_time` AS `modify_time` FROM `articles` AS `a` WHERE `a`.`is_deleted` = :is_deleted ORDER BY `a`.`create_time` DESC LIMIT :APL0 0.00096487998962402
[Sun, 23 Jul 17 18:33:20 +0700][DEBUG] SELECT COUNT(*) AS `rowcount` FROM `articles` AS `a` WHERE `a`.`is_deleted` = :is_deleted 0.00026416778564453
[Sun, 23 Jul 17 18:33:20 +0700][DEBUG] SELECT `ac`.`id_article` AS `id_article`, `ac`.`id_category` AS `id_category`, `c`.`name` AS `name` FROM `articles_categories` AS `ac`, `categories` AS `c` WHERE ((`ac`.`id_article` IN (:id0, :id1, :id2, :id3, :id4, :id5, :id6, :id7, :id8, :id9, :id10, :id11, :id12, :id13, :id14, :id15, :id16, :id17, :id18, :id19, :id20, :id21, :id22, :id23, :id24, :id25, :id26, :id27, :id28, :id29)) AND (`ac`.`id_category` = `c`.`id`)) AND (`c`.`is_deleted` = :is_deleted) 0.002593994140625
[Sun, 23 Jul 17 18:50:37 +0700][DEBUG] SELECT IF(COUNT(*) > 0, 1, 0) FROM `INFORMATION_SCHEMA`.`TABLES` WHERE `TABLE_NAME` = 'options' AND `TABLE_SCHEMA` = DATABASE() 0.0040299892425537
[Sun, 23 Jul 17 18:50:37 +0700][DEBUG] DESCRIBE `options` 0.0028162002563477
[Sun, 23 Jul 17 18:50:37 +0700][DEBUG] SELECT `options`.`id`, `options`.`op_key`, `options`.`op_value`, `options`.`create_by`, `options`.`create_time`, `options`.`modify_by`, `options`.`modify_time` FROM `options` 0.0011680126190186
[Sun, 23 Jul 17 18:50:37 +0700][DEBUG] SELECT IF(COUNT(*) > 0, 1, 0) FROM `INFORMATION_SCHEMA`.`TABLES` WHERE `TABLE_NAME` = 'menu' AND `TABLE_SCHEMA` = DATABASE() 0.00081992149353027
[Sun, 23 Jul 17 18:50:37 +0700][DEBUG] DESCRIBE `menu` 0.0012500286102295
[Sun, 23 Jul 17 18:50:37 +0700][DEBUG] SELECT `menu`.`id` AS `id`, `menu`.`name` AS `name`, `menu`.`url` AS `url`, `menu`.`parent` AS `parent`, `menu`.`path` AS `path`, `menu`.`sort` AS `sort`, `menu`.`modify_time` AS `modify_time`, `menu`.`id_category` AS `id_category` FROM `menu` WHERE `menu`.`is_deleted` = :is_deleted ORDER BY `menu`.`sort` ASC 0.0006868839263916
[Sun, 23 Jul 17 18:50:37 +0700][DEBUG] SELECT IF(COUNT(*) > 0, 1, 0) FROM `INFORMATION_SCHEMA`.`TABLES` WHERE `TABLE_NAME` = 'categories' AND `TABLE_SCHEMA` = DATABASE() 0.00083398818969727
[Sun, 23 Jul 17 18:50:37 +0700][DEBUG] DESCRIBE `categories` 0.00094509124755859
[Sun, 23 Jul 17 18:50:37 +0700][DEBUG] SELECT `categories`.`id`, `categories`.`name`, `categories`.`slug`, `categories`.`description`, `categories`.`parent`, `categories`.`path`, `categories`.`status`, `categories`.`is_deleted`, `categories`.`sort`, `categories`.`create_by`, `categories`.`create_time`, `categories`.`modify_by`, `categories`.`modify_time` FROM `categories` WHERE `categories`.`id` = :id LIMIT :APL0 0.0062720775604248
[Sun, 23 Jul 17 18:50:37 +0700][DEBUG] SELECT `categories`.`id`, `categories`.`name`, `categories`.`slug`, `categories`.`description`, `categories`.`parent`, `categories`.`path`, `categories`.`status`, `categories`.`is_deleted`, `categories`.`sort`, `categories`.`create_by`, `categories`.`create_time`, `categories`.`modify_by`, `categories`.`modify_time` FROM `categories` WHERE `categories`.`id` = :id LIMIT :APL0 0.00029110908508301
[Sun, 23 Jul 17 18:50:37 +0700][DEBUG] SELECT `categories`.`id`, `categories`.`name`, `categories`.`slug`, `categories`.`description`, `categories`.`parent`, `categories`.`path`, `categories`.`status`, `categories`.`is_deleted`, `categories`.`sort`, `categories`.`create_by`, `categories`.`create_time`, `categories`.`modify_by`, `categories`.`modify_time` FROM `categories` WHERE `categories`.`id` = :id LIMIT :APL0 0.00025415420532227
[Sun, 23 Jul 17 18:50:37 +0700][DEBUG] SELECT IF(COUNT(*) > 0, 1, 0) FROM `INFORMATION_SCHEMA`.`TABLES` WHERE `TABLE_NAME` = 'sale_pages' AND `TABLE_SCHEMA` = DATABASE() 0.00080513954162598
[Sun, 23 Jul 17 18:50:37 +0700][DEBUG] DESCRIBE `sale_pages` 0.001101016998291
[Sun, 23 Jul 17 18:50:37 +0700][DEBUG] SELECT `a`.`id`, `a`.`name`, `a`.`title`, `a`.`keyword`, `a`.`description`, `a`.`id_category`, `a`.`content`, `a`.`alias`, `a`.`status`, `a`.`image`, `a`.`logo`, `a`.`phone`, `a`.`email`, `a`.`address`, `a`.`video`, `a`.`is_popup`, `a`.`popup_image`, `a`.`popup_description`, `a`.`popup_tracking`, `a`.`copyright`, `a`.`link_facebook`, `a`.`link_google`, `a`.`link_twitter`, `a`.`link_linkedin`, `a`.`link_youtube`, `a`.`is_deleted`, `a`.`create_by`, `a`.`create_time`, `a`.`modify_time`, `a`.`modify_by` FROM `sale_pages` AS `a` WHERE (`a`.`is_deleted` = :is_deleted) AND (`a`.`alias` = :alias) 0.0005638599395752
[Sun, 23 Jul 17 18:50:37 +0700][ERROR] {"file":"\/var\/www\/beby.vn\/app\/frontend\/models\/SalePagesModel.php","line":43,"code":0,"message":"Get data failed","trace":"#0 \/var\/www\/beby.vn\/app\/frontend\/repositories\/SalePages.php(47): Lcd\\App\\Frontend\\Models\\SalePagesModel->detail_by_alias('test')\n#1 \/var\/www\/beby.vn\/app\/frontend\/controllers\/SalePageController.php(41): Lcd\\App\\Frontend\\Repositories\\SalePages->detail_by_alias('test', Array)\n#2 [internal function]: Lcd\\App\\Frontend\\Controllers\\SalePageController->indexAction('test')\n#3 [internal function]: Phalcon\\Dispatcher->callActionMethod(Object(Lcd\\App\\Frontend\\Controllers\\SalePageController), 'indexAction', Array)\n#4 [internal function]: Phalcon\\Dispatcher->_dispatch()\n#5 [internal function]: Phalcon\\Dispatcher->dispatch()\n#6 \/var\/www\/beby.vn\/public\/index.php(48): Phalcon\\Mvc\\Application->handle()\n#7 {main}"}
[Sun, 23 Jul 17 18:50:41 +0700][DEBUG] SELECT IF(COUNT(*) > 0, 1, 0) FROM `INFORMATION_SCHEMA`.`TABLES` WHERE `TABLE_NAME` = 'options' AND `TABLE_SCHEMA` = DATABASE() 0.00059390068054199
[Sun, 23 Jul 17 18:50:41 +0700][DEBUG] DESCRIBE `options` 0.00078082084655762
[Sun, 23 Jul 17 18:50:41 +0700][DEBUG] SELECT `options`.`id`, `options`.`op_key`, `options`.`op_value`, `options`.`create_by`, `options`.`create_time`, `options`.`modify_by`, `options`.`modify_time` FROM `options` 0.00047087669372559
[Sun, 23 Jul 17 18:50:41 +0700][DEBUG] SELECT IF(COUNT(*) > 0, 1, 0) FROM `INFORMATION_SCHEMA`.`TABLES` WHERE `TABLE_NAME` = 'menu' AND `TABLE_SCHEMA` = DATABASE() 0.00038790702819824
[Sun, 23 Jul 17 18:50:41 +0700][DEBUG] DESCRIBE `menu` 0.00069403648376465
[Sun, 23 Jul 17 18:50:41 +0700][DEBUG] SELECT `menu`.`id` AS `id`, `menu`.`name` AS `name`, `menu`.`url` AS `url`, `menu`.`parent` AS `parent`, `menu`.`path` AS `path`, `menu`.`sort` AS `sort`, `menu`.`modify_time` AS `modify_time`, `menu`.`id_category` AS `id_category` FROM `menu` WHERE `menu`.`is_deleted` = :is_deleted ORDER BY `menu`.`sort` ASC 0.00038003921508789
[Sun, 23 Jul 17 18:50:41 +0700][DEBUG] SELECT IF(COUNT(*) > 0, 1, 0) FROM `INFORMATION_SCHEMA`.`TABLES` WHERE `TABLE_NAME` = 'categories' AND `TABLE_SCHEMA` = DATABASE() 0.00025486946105957
[Sun, 23 Jul 17 18:50:41 +0700][DEBUG] DESCRIBE `categories` 0.00057601928710938
[Sun, 23 Jul 17 18:50:41 +0700][DEBUG] SELECT `categories`.`id`, `categories`.`name`, `categories`.`slug`, `categories`.`description`, `categories`.`parent`, `categories`.`path`, `categories`.`status`, `categories`.`is_deleted`, `categories`.`sort`, `categories`.`create_by`, `categories`.`create_time`, `categories`.`modify_by`, `categories`.`modify_time` FROM `categories` WHERE `categories`.`id` = :id LIMIT :APL0 0.00030994415283203
[Sun, 23 Jul 17 18:50:41 +0700][DEBUG] SELECT `categories`.`id`, `categories`.`name`, `categories`.`slug`, `categories`.`description`, `categories`.`parent`, `categories`.`path`, `categories`.`status`, `categories`.`is_deleted`, `categories`.`sort`, `categories`.`create_by`, `categories`.`create_time`, `categories`.`modify_by`, `categories`.`modify_time` FROM `categories` WHERE `categories`.`id` = :id LIMIT :APL0 0.00023508071899414
[Sun, 23 Jul 17 18:50:41 +0700][DEBUG] SELECT `categories`.`id`, `categories`.`name`, `categories`.`slug`, `categories`.`description`, `categories`.`parent`, `categories`.`path`, `categories`.`status`, `categories`.`is_deleted`, `categories`.`sort`, `categories`.`create_by`, `categories`.`create_time`, `categories`.`modify_by`, `categories`.`modify_time` FROM `categories` WHERE `categories`.`id` = :id LIMIT :APL0 0.0002448558807373
[Sun, 23 Jul 17 18:50:41 +0700][DEBUG] SELECT IF(COUNT(*) > 0, 1, 0) FROM `INFORMATION_SCHEMA`.`TABLES` WHERE `TABLE_NAME` = 'sale_pages' AND `TABLE_SCHEMA` = DATABASE() 0.00034213066101074
[Sun, 23 Jul 17 18:50:41 +0700][DEBUG] DESCRIBE `sale_pages` 0.00085592269897461
[Sun, 23 Jul 17 18:50:41 +0700][DEBUG] SELECT `a`.`id`, `a`.`name`, `a`.`title`, `a`.`keyword`, `a`.`description`, `a`.`id_category`, `a`.`content`, `a`.`alias`, `a`.`status`, `a`.`image`, `a`.`logo`, `a`.`phone`, `a`.`email`, `a`.`address`, `a`.`video`, `a`.`is_popup`, `a`.`popup_image`, `a`.`popup_description`, `a`.`popup_tracking`, `a`.`copyright`, `a`.`link_facebook`, `a`.`link_google`, `a`.`link_twitter`, `a`.`link_linkedin`, `a`.`link_youtube`, `a`.`is_deleted`, `a`.`create_by`, `a`.`create_time`, `a`.`modify_time`, `a`.`modify_by` FROM `sale_pages` AS `a` WHERE (`a`.`is_deleted` = :is_deleted) AND (`a`.`alias` = :alias) 0.0020890235900879
[Sun, 23 Jul 17 18:50:42 +0700][DEBUG] SELECT `ac`.`id_sale_page` AS `id_sale_page`, `ac`.`id_category` AS `id_category`, `c`.`name` AS `name` FROM `sale_pages_categories` AS `ac`, `categories` AS `c` WHERE ((`ac`.`id_sale_page` IN (:id0)) AND (`ac`.`id_category` = `c`.`id`)) AND (`c`.`is_deleted` = :is_deleted) 0.00055694580078125
[Sun, 23 Jul 17 18:50:42 +0700][DEBUG] SELECT DISTINCT `c`.`id` AS `id`, `c`.`name` AS `name`, `c`.`slug` AS `slug`, `c`.`path` AS `path`, `c`.`description` AS `description` FROM `categories` AS `c`, `articles` AS `a`, `articles_categories` AS `ac` WHERE (((`c`.`id` IN (:id_category0, :id_category1, :id_category2, :id_category3)) AND (`c`.`id` = `ac`.`id_category`)) AND (`a`.`id` = `ac`.`id_article`)) AND (`c`.`is_deleted` = 0) ORDER BY `c`.`create_time` ASC LIMIT :APL0 OFFSET :APL1 0.0071010589599609
[Sun, 23 Jul 17 18:50:42 +0700][DEBUG] SELECT `a`.`id` AS `id`, `a`.`title` AS `title`, `a`.`image` AS `image`, `a`.`slug` AS `slug`, `a`.`introduce` AS `introduce`, `a`.`create_time` AS `create_time`, `a`.`content` AS `content`, `c`.`id` AS `id_category`, `c`.`path` AS `path`, `u`.`username` AS `username` FROM `articles` AS `a`, `categories` AS `c`, `articles_categories` AS `ac`, `users` AS `u` WHERE (((((`u`.`uid` = `a`.`create_by`) AND (`a`.`status` > 0)) AND (`a`.`id` = `ac`.`id_article`)) AND (`c`.`id` = `id_category`)) AND (`id_category` = :id_category)) AND (`a`.`is_deleted` = 0) GROUP BY `a`.`id` ORDER BY `a`.`create_time` DESC LIMIT :APL0 OFFSET :APL1 0.0022039413452148
[Sun, 23 Jul 17 18:50:42 +0700][DEBUG] SELECT IF(COUNT(*) > 0, 1, 0) FROM `INFORMATION_SCHEMA`.`TABLES` WHERE `TABLE_NAME` = 'options' AND `TABLE_SCHEMA` = DATABASE() 0.0009770393371582
[Sun, 23 Jul 17 18:50:42 +0700][DEBUG] DESCRIBE `options` 0.0030200481414795
[Sun, 23 Jul 17 18:50:42 +0700][DEBUG] SELECT `options`.`id`, `options`.`op_key`, `options`.`op_value`, `options`.`create_by`, `options`.`create_time`, `options`.`modify_by`, `options`.`modify_time` FROM `options` 0.00079107284545898
[Sun, 23 Jul 17 18:50:42 +0700][DEBUG] SELECT IF(COUNT(*) > 0, 1, 0) FROM `INFORMATION_SCHEMA`.`TABLES` WHERE `TABLE_NAME` = 'menu' AND `TABLE_SCHEMA` = DATABASE() 0.0014798641204834
[Sun, 23 Jul 17 18:50:42 +0700][DEBUG] DESCRIBE `menu` 0.0013420581817627
[Sun, 23 Jul 17 18:50:42 +0700][DEBUG] SELECT `menu`.`id` AS `id`, `menu`.`name` AS `name`, `menu`.`url` AS `url`, `menu`.`parent` AS `parent`, `menu`.`path` AS `path`, `menu`.`sort` AS `sort`, `menu`.`modify_time` AS `modify_time`, `menu`.`id_category` AS `id_category` FROM `menu` WHERE `menu`.`is_deleted` = :is_deleted ORDER BY `menu`.`sort` ASC 0.00089693069458008
[Sun, 23 Jul 17 18:50:42 +0700][DEBUG] SELECT IF(COUNT(*) > 0, 1, 0) FROM `INFORMATION_SCHEMA`.`TABLES` WHERE `TABLE_NAME` = 'categories' AND `TABLE_SCHEMA` = DATABASE() 0.00076580047607422
[Sun, 23 Jul 17 18:50:42 +0700][DEBUG] DESCRIBE `categories` 0.0015029907226562
[Sun, 23 Jul 17 18:50:42 +0700][DEBUG] SELECT `categories`.`id`, `categories`.`name`, `categories`.`slug`, `categories`.`description`, `categories`.`parent`, `categories`.`path`, `categories`.`status`, `categories`.`is_deleted`, `categories`.`sort`, `categories`.`create_by`, `categories`.`create_time`, `categories`.`modify_by`, `categories`.`modify_time` FROM `categories` WHERE `categories`.`id` = :id LIMIT :APL0 0.00052595138549805
[Sun, 23 Jul 17 18:50:42 +0700][DEBUG] SELECT `categories`.`id`, `categories`.`name`, `categories`.`slug`, `categories`.`description`, `categories`.`parent`, `categories`.`path`, `categories`.`status`, `categories`.`is_deleted`, `categories`.`sort`, `categories`.`create_by`, `categories`.`create_time`, `categories`.`modify_by`, `categories`.`modify_time` FROM `categories` WHERE `categories`.`id` = :id LIMIT :APL0 0.00033998489379883
[Sun, 23 Jul 17 18:50:42 +0700][DEBUG] SELECT `categories`.`id`, `categories`.`name`, `categories`.`slug`, `categories`.`description`, `categories`.`parent`, `categories`.`path`, `categories`.`status`, `categories`.`is_deleted`, `categories`.`sort`, `categories`.`create_by`, `categories`.`create_time`, `categories`.`modify_by`, `categories`.`modify_time` FROM `categories` WHERE `categories`.`id` = :id LIMIT :APL0 0.0012588500976562
[Sun, 23 Jul 17 18:50:42 +0700][DEBUG] SELECT IF(COUNT(*) > 0, 1, 0) FROM `INFORMATION_SCHEMA`.`TABLES` WHERE `TABLE_NAME` = 'sale_pages' AND `TABLE_SCHEMA` = DATABASE() 0.00078797340393066
[Sun, 23 Jul 17 18:50:42 +0700][DEBUG] DESCRIBE `sale_pages` 0.0019240379333496
[Sun, 23 Jul 17 18:50:42 +0700][DEBUG] SELECT `a`.`id`, `a`.`name`, `a`.`title`, `a`.`keyword`, `a`.`description`, `a`.`id_category`, `a`.`content`, `a`.`alias`, `a`.`status`, `a`.`image`, `a`.`logo`, `a`.`phone`, `a`.`email`, `a`.`address`, `a`.`video`, `a`.`is_popup`, `a`.`popup_image`, `a`.`popup_description`, `a`.`popup_tracking`, `a`.`copyright`, `a`.`link_facebook`, `a`.`link_google`, `a`.`link_twitter`, `a`.`link_linkedin`, `a`.`link_youtube`, `a`.`is_deleted`, `a`.`create_by`, `a`.`create_time`, `a`.`modify_time`, `a`.`modify_by` FROM `sale_pages` AS `a` WHERE (`a`.`is_deleted` = :is_deleted) AND (`a`.`alias` = :alias) 0.00095915794372559
[Sun, 23 Jul 17 18:50:42 +0700][DEBUG] SELECT `ac`.`id_sale_page` AS `id_sale_page`, `ac`.`id_category` AS `id_category`, `c`.`name` AS `name` FROM `sale_pages_categories` AS `ac`, `categories` AS `c` WHERE ((`ac`.`id_sale_page` IN (:id0)) AND (`ac`.`id_category` = `c`.`id`)) AND (`c`.`is_deleted` = :is_deleted) 0.00079989433288574
[Sun, 23 Jul 17 18:50:42 +0700][DEBUG] SELECT DISTINCT `c`.`id` AS `id`, `c`.`name` AS `name`, `c`.`slug` AS `slug`, `c`.`path` AS `path`, `c`.`description` AS `description` FROM `categories` AS `c`, `articles` AS `a`, `articles_categories` AS `ac` WHERE (((`c`.`id` IN (:id_category0, :id_category1, :id_category2, :id_category3)) AND (`c`.`id` = `ac`.`id_category`)) AND (`a`.`id` = `ac`.`id_article`)) AND (`c`.`is_deleted` = 0) ORDER BY `c`.`create_time` ASC LIMIT :APL0 OFFSET :APL1 0.0033109188079834
[Sun, 23 Jul 17 18:50:42 +0700][DEBUG] SELECT `a`.`id` AS `id`, `a`.`title` AS `title`, `a`.`image` AS `image`, `a`.`slug` AS `slug`, `a`.`introduce` AS `introduce`, `a`.`create_time` AS `create_time`, `a`.`content` AS `content`, `c`.`id` AS `id_category`, `c`.`path` AS `path`, `u`.`username` AS `username` FROM `articles` AS `a`, `categories` AS `c`, `articles_categories` AS `ac`, `users` AS `u` WHERE (((((`u`.`uid` = `a`.`create_by`) AND (`a`.`status` > 0)) AND (`a`.`id` = `ac`.`id_article`)) AND (`c`.`id` = `id_category`)) AND (`id_category` = :id_category)) AND (`a`.`is_deleted` = 0) GROUP BY `a`.`id` ORDER BY `a`.`create_time` DESC LIMIT :APL0 OFFSET :APL1 0.0044350624084473
[Sun, 23 Jul 17 18:58:54 +0700][DEBUG] SELECT IF(COUNT(*) > 0, 1, 0) FROM `INFORMATION_SCHEMA`.`TABLES` WHERE `TABLE_NAME` = 'options' AND `TABLE_SCHEMA` = DATABASE() 0.0012850761413574
[Sun, 23 Jul 17 18:58:54 +0700][DEBUG] DESCRIBE `options` 0.000946044921875
[Sun, 23 Jul 17 18:58:54 +0700][DEBUG] SELECT `options`.`id`, `options`.`op_key`, `options`.`op_value`, `options`.`create_by`, `options`.`create_time`, `options`.`modify_by`, `options`.`modify_time` FROM `options` 0.000640869140625
[Sun, 23 Jul 17 18:58:54 +0700][DEBUG] SELECT IF(COUNT(*) > 0, 1, 0) FROM `INFORMATION_SCHEMA`.`TABLES` WHERE `TABLE_NAME` = 'menu' AND `TABLE_SCHEMA` = DATABASE() 0.00089907646179199
[Sun, 23 Jul 17 18:58:54 +0700][DEBUG] DESCRIBE `menu` 0.0015599727630615
[Sun, 23 Jul 17 18:58:54 +0700][DEBUG] SELECT `menu`.`id` AS `id`, `menu`.`name` AS `name`, `menu`.`url` AS `url`, `menu`.`parent` AS `parent`, `menu`.`path` AS `path`, `menu`.`sort` AS `sort`, `menu`.`modify_time` AS `modify_time`, `menu`.`id_category` AS `id_category` FROM `menu` WHERE `menu`.`is_deleted` = :is_deleted ORDER BY `menu`.`sort` ASC 0.0007178783416748
[Sun, 23 Jul 17 18:58:54 +0700][DEBUG] SELECT IF(COUNT(*) > 0, 1, 0) FROM `INFORMATION_SCHEMA`.`TABLES` WHERE `TABLE_NAME` = 'categories' AND `TABLE_SCHEMA` = DATABASE() 0.0004580020904541
[Sun, 23 Jul 17 18:58:54 +0700][DEBUG] DESCRIBE `categories` 0.0013539791107178
[Sun, 23 Jul 17 18:58:54 +0700][DEBUG] SELECT `categories`.`id`, `categories`.`name`, `categories`.`slug`, `categories`.`description`, `categories`.`parent`, `categories`.`path`, `categories`.`status`, `categories`.`is_deleted`, `categories`.`sort`, `categories`.`create_by`, `categories`.`create_time`, `categories`.`modify_by`, `categories`.`modify_time` FROM `categories` WHERE `categories`.`id` = :id LIMIT :APL0 0.00048995018005371
[Sun, 23 Jul 17 18:58:54 +0700][DEBUG] SELECT `categories`.`id`, `categories`.`name`, `categories`.`slug`, `categories`.`description`, `categories`.`parent`, `categories`.`path`, `categories`.`status`, `categories`.`is_deleted`, `categories`.`sort`, `categories`.`create_by`, `categories`.`create_time`, `categories`.`modify_by`, `categories`.`modify_time` FROM `categories` WHERE `categories`.`id` = :id LIMIT :APL0 0.00028705596923828
[Sun, 23 Jul 17 18:58:54 +0700][DEBUG] SELECT `categories`.`id`, `categories`.`name`, `categories`.`slug`, `categories`.`description`, `categories`.`parent`, `categories`.`path`, `categories`.`status`, `categories`.`is_deleted`, `categories`.`sort`, `categories`.`create_by`, `categories`.`create_time`, `categories`.`modify_by`, `categories`.`modify_time` FROM `categories` WHERE `categories`.`id` = :id LIMIT :APL0 0.00030803680419922
[Sun, 23 Jul 17 18:58:54 +0700][DEBUG] SELECT IF(COUNT(*) > 0, 1, 0) FROM `INFORMATION_SCHEMA`.`TABLES` WHERE `TABLE_NAME` = 'sale_pages' AND `TABLE_SCHEMA` = DATABASE() 0.0014281272888184
[Sun, 23 Jul 17 18:58:54 +0700][DEBUG] DESCRIBE `sale_pages` 0.0029909610748291
[Sun, 23 Jul 17 18:58:54 +0700][DEBUG] SELECT `a`.`id`, `a`.`name`, `a`.`title`, `a`.`keyword`, `a`.`description`, `a`.`id_category`, `a`.`content`, `a`.`alias`, `a`.`status`, `a`.`image`, `a`.`logo`, `a`.`phone`, `a`.`email`, `a`.`address`, `a`.`video`, `a`.`is_popup`, `a`.`popup_image`, `a`.`popup_description`, `a`.`popup_tracking`, `a`.`copyright`, `a`.`link_facebook`, `a`.`link_google`, `a`.`link_twitter`, `a`.`link_linkedin`, `a`.`link_youtube`, `a`.`is_deleted`, `a`.`create_by`, `a`.`create_time`, `a`.`modify_time`, `a`.`modify_by` FROM `sale_pages` AS `a` WHERE ((`a`.`is_deleted` = :is_deleted) AND (`a`.`status` > 0)) AND (`a`.`alias` = :alias) 0.0010571479797363
[Sun, 23 Jul 17 18:58:54 +0700][ERROR] {"file":"\/var\/www\/beby.vn\/app\/frontend\/models\/SalePagesModel.php","line":48,"code":0,"message":"Get data failed","trace":"#0 \/var\/www\/beby.vn\/app\/frontend\/repositories\/SalePages.php(47): Lcd\\App\\Frontend\\Models\\SalePagesModel->detail_by_alias('bai-viet-sale-p...', Array)\n#1 \/var\/www\/beby.vn\/app\/frontend\/controllers\/SalePageController.php(45): Lcd\\App\\Frontend\\Repositories\\SalePages->detail_by_alias('bai-viet-sale-p...', Array)\n#2 [internal function]: Lcd\\App\\Frontend\\Controllers\\SalePageController->indexAction('bai-viet-sale-p...')\n#3 [internal function]: Phalcon\\Dispatcher->callActionMethod(Object(Lcd\\App\\Frontend\\Controllers\\SalePageController), 'indexAction', Array)\n#4 [internal function]: Phalcon\\Dispatcher->_dispatch()\n#5 [internal function]: Phalcon\\Dispatcher->dispatch()\n#6 \/var\/www\/beby.vn\/public\/index.php(48): Phalcon\\Mvc\\Application->handle()\n#7 {main}"}
[Sun, 23 Jul 17 18:58:59 +0700][DEBUG] SELECT IF(COUNT(*) > 0, 1, 0) FROM `INFORMATION_SCHEMA`.`TABLES` WHERE `TABLE_NAME` = 'options' AND `TABLE_SCHEMA` = DATABASE() 0.0010218620300293
[Sun, 23 Jul 17 18:58:59 +0700][DEBUG] DESCRIBE `options` 0.0016961097717285
[Sun, 23 Jul 17 18:58:59 +0700][DEBUG] SELECT `options`.`id`, `options`.`op_key`, `options`.`op_value`, `options`.`create_by`, `options`.`create_time`, `options`.`modify_by`, `options`.`modify_time` FROM `options` 0.0006251335144043
[Sun, 23 Jul 17 18:58:59 +0700][DEBUG] SELECT IF(COUNT(*) > 0, 1, 0) FROM `INFORMATION_SCHEMA`.`TABLES` WHERE `TABLE_NAME` = 'menu' AND `TABLE_SCHEMA` = DATABASE() 0.00051498413085938
[Sun, 23 Jul 17 18:58:59 +0700][DEBUG] DESCRIBE `menu` 0.00092005729675293
[Sun, 23 Jul 17 18:58:59 +0700][DEBUG] SELECT `menu`.`id` AS `id`, `menu`.`name` AS `name`, `menu`.`url` AS `url`, `menu`.`parent` AS `parent`, `menu`.`path` AS `path`, `menu`.`sort` AS `sort`, `menu`.`modify_time` AS `modify_time`, `menu`.`id_category` AS `id_category` FROM `menu` WHERE `menu`.`is_deleted` = :is_deleted ORDER BY `menu`.`sort` ASC 0.00081706047058105
[Sun, 23 Jul 17 18:58:59 +0700][DEBUG] SELECT IF(COUNT(*) > 0, 1, 0) FROM `INFORMATION_SCHEMA`.`TABLES` WHERE `TABLE_NAME` = 'categories' AND `TABLE_SCHEMA` = DATABASE() 0.00056886672973633
[Sun, 23 Jul 17 18:58:59 +0700][DEBUG] DESCRIBE `categories` 0.0010311603546143
[Sun, 23 Jul 17 18:58:59 +0700][DEBUG] SELECT `categories`.`id`, `categories`.`name`, `categories`.`slug`, `categories`.`description`, `categories`.`parent`, `categories`.`path`, `categories`.`status`, `categories`.`is_deleted`, `categories`.`sort`, `categories`.`create_by`, `categories`.`create_time`, `categories`.`modify_by`, `categories`.`modify_time` FROM `categories` WHERE `categories`.`id` = :id LIMIT :APL0 0.00040411949157715
[Sun, 23 Jul 17 18:58:59 +0700][DEBUG] SELECT `categories`.`id`, `categories`.`name`, `categories`.`slug`, `categories`.`description`, `categories`.`parent`, `categories`.`path`, `categories`.`status`, `categories`.`is_deleted`, `categories`.`sort`, `categories`.`create_by`, `categories`.`create_time`, `categories`.`modify_by`, `categories`.`modify_time` FROM `categories` WHERE `categories`.`id` = :id LIMIT :APL0 0.00027298927307129
[Sun, 23 Jul 17 18:58:59 +0700][DEBUG] SELECT `categories`.`id`, `categories`.`name`, `categories`.`slug`, `categories`.`description`, `categories`.`parent`, `categories`.`path`, `categories`.`status`, `categories`.`is_deleted`, `categories`.`sort`, `categories`.`create_by`, `categories`.`create_time`, `categories`.`modify_by`, `categories`.`modify_time` FROM `categories` WHERE `categories`.`id` = :id LIMIT :APL0 0.00025296211242676
