[Sun, 23 Jul 17 21:12:13 +0700][DEBUG] SELECT IF(COUNT(*) > 0, 1, 0) FROM `INFORMATION_SCHEMA`.`TABLES` WHERE `TABLE_NAME` = 'options' AND `TABLE_SCHEMA` = DATABASE() 0.00075411796569824
[Sun, 23 Jul 17 21:12:13 +0700][DEBUG] DESCRIBE `options` 0.0013818740844727
[Sun, 23 Jul 17 21:12:13 +0700][DEBUG] SELECT `options`.`id`, `options`.`op_key`, `options`.`op_value`, `options`.`create_by`, `options`.`create_time`, `options`.`modify_by`, `options`.`modify_time` FROM `options` 0.00077104568481445
[Sun, 23 Jul 17 21:12:13 +0700][DEBUG] SELECT `a`.`id` AS `id`, `a`.`name` AS `name`, `a`.`alias` AS `alias`, `a`.`status` AS `status`, `a`.`create_time` AS `create_time`, `a`.`modify_by` AS `modify_by`, `a`.`modify_time` AS `modify_time` FROM `sale_pages` AS `a` WHERE `a`.`is_deleted` = :is_deleted ORDER BY `a`.`create_time` DESC LIMIT :APL0 0.0007021427154541
[Sun, 23 Jul 17 21:12:13 +0700][DEBUG] SELECT COUNT(*) AS `rowcount` FROM `sale_pages` AS `a` WHERE `a`.`is_deleted` = :is_deleted 0.00020480155944824
[Sun, 23 Jul 17 21:12:13 +0700][DEBUG] SELECT `ac`.`id_sale_page` AS `id_sale_page`, `ac`.`id_category` AS `id_category`, `c`.`name` AS `name` FROM `sale_pages_categories` AS `ac`, `categories` AS `c` WHERE ((`ac`.`id_sale_page` IN (:id0, :id1)) AND (`ac`.`id_category` = `c`.`id`)) AND (`c`.`is_deleted` = :is_deleted) 0.00073599815368652
[Sun, 23 Jul 17 21:12:17 +0700][DEBUG] SELECT IF(COUNT(*) > 0, 1, 0) FROM `INFORMATION_SCHEMA`.`TABLES` WHERE `TABLE_NAME` = 'options' AND `TABLE_SCHEMA` = DATABASE() 0.00066494941711426
[Sun, 23 Jul 17 21:12:17 +0700][DEBUG] DESCRIBE `options` 0.0010719299316406
[Sun, 23 Jul 17 21:12:17 +0700][DEBUG] SELECT `options`.`id`, `options`.`op_key`, `options`.`op_value`, `options`.`create_by`, `options`.`create_time`, `options`.`modify_by`, `options`.`modify_time` FROM `options` 0.00092697143554688
[Sun, 23 Jul 17 21:12:17 +0700][DEBUG] SELECT IF(COUNT(*) > 0, 1, 0) FROM `INFORMATION_SCHEMA`.`TABLES` WHERE `TABLE_NAME` = 'sale_pages' AND `TABLE_SCHEMA` = DATABASE() 0.0007021427154541
[Sun, 23 Jul 17 21:12:17 +0700][DEBUG] DESCRIBE `sale_pages` 0.0010058879852295
[Sun, 23 Jul 17 21:12:17 +0700][DEBUG] SELECT `a`.`id`, `a`.`name`, `a`.`title`, `a`.`keyword`, `a`.`description`, `a`.`id_category`, `a`.`content`, `a`.`alias`, `a`.`status`, `a`.`image`, `a`.`logo`, `a`.`phone`, `a`.`email`, `a`.`address`, `a`.`video`, `a`.`is_popup`, `a`.`popup_image`, `a`.`popup_description`, `a`.`popup_tracking`, `a`.`copyright`, `a`.`link_facebook`, `a`.`link_google`, `a`.`link_twitter`, `a`.`link_linkedin`, `a`.`link_youtube`, `a`.`is_deleted`, `a`.`create_by`, `a`.`create_time`, `a`.`modify_time`, `a`.`modify_by` FROM `sale_pages` AS `a` WHERE (`a`.`is_deleted` = :is_deleted) AND (`a`.`id` = :id) 0.00039792060852051
[Sun, 23 Jul 17 21:12:17 +0700][DEBUG] SELECT `ac`.`id_sale_page` AS `id_sale_page`, `ac`.`id_category` AS `id_category`, `c`.`name` AS `name` FROM `sale_pages_categories` AS `ac`, `categories` AS `c` WHERE ((`ac`.`id_sale_page` IN (:id0)) AND (`ac`.`id_category` = `c`.`id`)) AND (`c`.`is_deleted` = :is_deleted) 0.00048708915710449
[Sun, 23 Jul 17 21:27:15 +0700][DEBUG] SELECT IF(COUNT(*) > 0, 1, 0) FROM `INFORMATION_SCHEMA`.`TABLES` WHERE `TABLE_NAME` = 'options' AND `TABLE_SCHEMA` = DATABASE() 0.00075292587280273
[Sun, 23 Jul 17 21:27:15 +0700][DEBUG] DESCRIBE `options` 0.000762939453125
[Sun, 23 Jul 17 21:27:15 +0700][DEBUG] SELECT `options`.`id`, `options`.`op_key`, `options`.`op_value`, `options`.`create_by`, `options`.`create_time`, `options`.`modify_by`, `options`.`modify_time` FROM `options` 0.00041890144348145
[Sun, 23 Jul 17 21:27:15 +0700][DEBUG] SELECT IF(COUNT(*) > 0, 1, 0) FROM `INFORMATION_SCHEMA`.`TABLES` WHERE `TABLE_NAME` = 'sale_pages' AND `TABLE_SCHEMA` = DATABASE() 0.00033307075500488
[Sun, 23 Jul 17 21:27:15 +0700][DEBUG] DESCRIBE `sale_pages` 0.0009770393371582
[Sun, 23 Jul 17 21:27:15 +0700][DEBUG] SELECT `a`.`id`, `a`.`name`, `a`.`title`, `a`.`keyword`, `a`.`description`, `a`.`id_category`, `a`.`content`, `a`.`alias`, `a`.`status`, `a`.`image`, `a`.`logo`, `a`.`phone`, `a`.`email`, `a`.`address`, `a`.`video`, `a`.`is_popup`, `a`.`popup_image`, `a`.`popup_description`, `a`.`popup_tracking`, `a`.`copyright`, `a`.`link_facebook`, `a`.`link_google`, `a`.`link_twitter`, `a`.`link_linkedin`, `a`.`link_youtube`, `a`.`is_deleted`, `a`.`create_by`, `a`.`create_time`, `a`.`modify_time`, `a`.`modify_by` FROM `sale_pages` AS `a` WHERE (`a`.`is_deleted` = :is_deleted) AND (`a`.`id` = :id) 0.00045204162597656
[Sun, 23 Jul 17 21:27:15 +0700][DEBUG] SELECT `ac`.`id_sale_page` AS `id_sale_page`, `ac`.`id_category` AS `id_category`, `c`.`name` AS `name` FROM `sale_pages_categories` AS `ac`, `categories` AS `c` WHERE ((`ac`.`id_sale_page` IN (:id0)) AND (`ac`.`id_category` = `c`.`id`)) AND (`c`.`is_deleted` = :is_deleted) 0.00055289268493652
[Sun, 23 Jul 17 21:27:59 +0700][DEBUG] SELECT IF(COUNT(*) > 0, 1, 0) FROM `INFORMATION_SCHEMA`.`TABLES` WHERE `TABLE_NAME` = 'options' AND `TABLE_SCHEMA` = DATABASE() 0.00084280967712402
[Sun, 23 Jul 17 21:27:59 +0700][DEBUG] DESCRIBE `options` 0.00095415115356445
[Sun, 23 Jul 17 21:27:59 +0700][DEBUG] SELECT `options`.`id`, `options`.`op_key`, `options`.`op_value`, `options`.`create_by`, `options`.`create_time`, `options`.`modify_by`, `options`.`modify_time` FROM `options` 0.00053787231445312
[Sun, 23 Jul 17 21:27:59 +0700][DEBUG] SELECT IF(COUNT(*) > 0, 1, 0) FROM `INFORMATION_SCHEMA`.`TABLES` WHERE `TABLE_NAME` = 'sale_pages' AND `TABLE_SCHEMA` = DATABASE() 0.00063419342041016
[Sun, 23 Jul 17 21:27:59 +0700][DEBUG] DESCRIBE `sale_pages` 0.0015859603881836
[Sun, 23 Jul 17 21:27:59 +0700][DEBUG] SELECT `a`.`id`, `a`.`name`, `a`.`title`, `a`.`keyword`, `a`.`description`, `a`.`id_category`, `a`.`content`, `a`.`alias`, `a`.`status`, `a`.`image`, `a`.`logo`, `a`.`phone`, `a`.`email`, `a`.`address`, `a`.`video`, `a`.`is_popup`, `a`.`popup_image`, `a`.`popup_description`, `a`.`popup_tracking`, `a`.`copyright`, `a`.`link_facebook`, `a`.`link_google`, `a`.`link_twitter`, `a`.`link_linkedin`, `a`.`link_youtube`, `a`.`is_deleted`, `a`.`create_by`, `a`.`create_time`, `a`.`modify_time`, `a`.`modify_by` FROM `sale_pages` AS `a` WHERE (`a`.`is_deleted` = :is_deleted) AND (`a`.`id` = :id) 0.00060486793518066
[Sun, 23 Jul 17 21:27:59 +0700][DEBUG] SELECT `ac`.`id_sale_page` AS `id_sale_page`, `ac`.`id_category` AS `id_category`, `c`.`name` AS `name` FROM `sale_pages_categories` AS `ac`, `categories` AS `c` WHERE ((`ac`.`id_sale_page` IN (:id0)) AND (`ac`.`id_category` = `c`.`id`)) AND (`c`.`is_deleted` = :is_deleted) 0.0007939338684082
[Sun, 23 Jul 17 21:28:07 +0700][DEBUG] SELECT IF(COUNT(*) > 0, 1, 0) FROM `INFORMATION_SCHEMA`.`TABLES` WHERE `TABLE_NAME` = 'options' AND `TABLE_SCHEMA` = DATABASE() 0.00068902969360352
[Sun, 23 Jul 17 21:28:07 +0700][DEBUG] DESCRIBE `options` 0.0011568069458008
[Sun, 23 Jul 17 21:28:07 +0700][DEBUG] SELECT `options`.`id`, `options`.`op_key`, `options`.`op_value`, `options`.`create_by`, `options`.`create_time`, `options`.`modify_by`, `options`.`modify_time` FROM `options` 0.00049805641174316
[Sun, 23 Jul 17 21:28:07 +0700][DEBUG] SELECT IF(COUNT(*) > 0, 1, 0) FROM `INFORMATION_SCHEMA`.`TABLES` WHERE `TABLE_NAME` = 'sale_pages' AND `TABLE_SCHEMA` = DATABASE() 0.00037693977355957
[Sun, 23 Jul 17 21:28:07 +0700][DEBUG] DESCRIBE `sale_pages` 0.00098395347595215
[Sun, 23 Jul 17 21:28:07 +0700][DEBUG] SELECT `a`.`id`, `a`.`name`, `a`.`title`, `a`.`keyword`, `a`.`description`, `a`.`id_category`, `a`.`content`, `a`.`alias`, `a`.`status`, `a`.`image`, `a`.`logo`, `a`.`phone`, `a`.`email`, `a`.`address`, `a`.`video`, `a`.`is_popup`, `a`.`popup_image`, `a`.`popup_description`, `a`.`popup_tracking`, `a`.`copyright`, `a`.`link_facebook`, `a`.`link_google`, `a`.`link_twitter`, `a`.`link_linkedin`, `a`.`link_youtube`, `a`.`is_deleted`, `a`.`create_by`, `a`.`create_time`, `a`.`modify_time`, `a`.`modify_by` FROM `sale_pages` AS `a` WHERE (`a`.`is_deleted` = :is_deleted) AND (`a`.`id` = :id) 0.00038909912109375
[Sun, 23 Jul 17 21:28:07 +0700][DEBUG] SELECT `ac`.`id_sale_page` AS `id_sale_page`, `ac`.`id_category` AS `id_category`, `c`.`name` AS `name` FROM `sale_pages_categories` AS `ac`, `categories` AS `c` WHERE ((`ac`.`id_sale_page` IN (:id0)) AND (`ac`.`id_category` = `c`.`id`)) AND (`c`.`is_deleted` = :is_deleted) 0.00040817260742188
[Sun, 23 Jul 17 21:32:55 +0700][DEBUG] SELECT IF(COUNT(*) > 0, 1, 0) FROM `INFORMATION_SCHEMA`.`TABLES` WHERE `TABLE_NAME` = 'options' AND `TABLE_SCHEMA` = DATABASE() 0.00081682205200195
[Sun, 23 Jul 17 21:32:55 +0700][DEBUG] DESCRIBE `options` 0.0014629364013672
[Sun, 23 Jul 17 21:32:55 +0700][DEBUG] SELECT `options`.`id`, `options`.`op_key`, `options`.`op_value`, `options`.`create_by`, `options`.`create_time`, `options`.`modify_by`, `options`.`modify_time` FROM `options` 0.0010111331939697
[Sun, 23 Jul 17 21:32:55 +0700][DEBUG] SELECT IF(COUNT(*) > 0, 1, 0) FROM `INFORMATION_SCHEMA`.`TABLES` WHERE `TABLE_NAME` = 'sale_pages' AND `TABLE_SCHEMA` = DATABASE() 0.00083708763122559
[Sun, 23 Jul 17 21:32:55 +0700][DEBUG] DESCRIBE `sale_pages` 0.0018851757049561
[Sun, 23 Jul 17 21:32:55 +0700][DEBUG] SELECT `a`.`id`, `a`.`name`, `a`.`title`, `a`.`keyword`, `a`.`description`, `a`.`id_category`, `a`.`content`, `a`.`alias`, `a`.`status`, `a`.`image`, `a`.`logo`, `a`.`phone`, `a`.`email`, `a`.`address`, `a`.`video`, `a`.`is_popup`, `a`.`popup_image`, `a`.`popup_description`, `a`.`popup_tracking`, `a`.`copyright`, `a`.`link_facebook`, `a`.`link_google`, `a`.`link_twitter`, `a`.`link_linkedin`, `a`.`link_youtube`, `a`.`is_deleted`, `a`.`create_by`, `a`.`create_time`, `a`.`modify_time`, `a`.`modify_by` FROM `sale_pages` AS `a` WHERE (`a`.`is_deleted` = :is_deleted) AND (`a`.`id` = :id) 0.00081110000610352
[Sun, 23 Jul 17 21:32:55 +0700][DEBUG] SELECT `ac`.`id_sale_page` AS `id_sale_page`, `ac`.`id_category` AS `id_category`, `c`.`name` AS `name` FROM `sale_pages_categories` AS `ac`, `categories` AS `c` WHERE ((`ac`.`id_sale_page` IN (:id0)) AND (`ac`.`id_category` = `c`.`id`)) AND (`c`.`is_deleted` = :is_deleted) 0.0011649131774902
[Sun, 23 Jul 17 21:33:46 +0700][DEBUG] SELECT IF(COUNT(*) > 0, 1, 0) FROM `INFORMATION_SCHEMA`.`TABLES` WHERE `TABLE_NAME` = 'options' AND `TABLE_SCHEMA` = DATABASE() 0.00072097778320312
[Sun, 23 Jul 17 21:33:46 +0700][DEBUG] DESCRIBE `options` 0.0012001991271973
[Sun, 23 Jul 17 21:33:46 +0700][DEBUG] SELECT `options`.`id`, `options`.`op_key`, `options`.`op_value`, `options`.`create_by`, `options`.`create_time`, `options`.`modify_by`, `options`.`modify_time` FROM `options` 0.00065493583679199
[Sun, 23 Jul 17 21:33:46 +0700][DEBUG] SELECT IF(COUNT(*) > 0, 1, 0) FROM `INFORMATION_SCHEMA`.`TABLES` WHERE `TABLE_NAME` = 'sale_pages' AND `TABLE_SCHEMA` = DATABASE() 0.00063681602478027
[Sun, 23 Jul 17 21:33:46 +0700][DEBUG] DESCRIBE `sale_pages` 0.0013978481292725
[Sun, 23 Jul 17 21:33:46 +0700][DEBUG] SELECT `a`.`id`, `a`.`name`, `a`.`title`, `a`.`keyword`, `a`.`description`, `a`.`id_category`, `a`.`content`, `a`.`alias`, `a`.`status`, `a`.`image`, `a`.`logo`, `a`.`phone`, `a`.`email`, `a`.`address`, `a`.`video`, `a`.`is_popup`, `a`.`popup_image`, `a`.`popup_description`, `a`.`popup_tracking`, `a`.`copyright`, `a`.`link_facebook`, `a`.`link_google`, `a`.`link_twitter`, `a`.`link_linkedin`, `a`.`link_youtube`, `a`.`is_deleted`, `a`.`create_by`, `a`.`create_time`, `a`.`modify_time`, `a`.`modify_by` FROM `sale_pages` AS `a` WHERE (`a`.`is_deleted` = :is_deleted) AND (`a`.`id` = :id) 0.00059795379638672
[Sun, 23 Jul 17 21:33:46 +0700][DEBUG] SELECT `ac`.`id_sale_page` AS `id_sale_page`, `ac`.`id_category` AS `id_category`, `c`.`name` AS `name` FROM `sale_pages_categories` AS `ac`, `categories` AS `c` WHERE ((`ac`.`id_sale_page` IN (:id0)) AND (`ac`.`id_category` = `c`.`id`)) AND (`c`.`is_deleted` = :is_deleted) 0.00054001808166504
