[Sun, 23 Jul 17 19:00:24 +0700][DEBUG] SELECT IF(COUNT(*) > 0, 1, 0) FROM `INFORMATION_SCHEMA`.`TABLES` WHERE `TABLE_NAME` = 'options' AND `TABLE_SCHEMA` = DATABASE() 0.0007479190826416
[Sun, 23 Jul 17 19:00:24 +0700][DEBUG] DESCRIBE `options` 0.0023930072784424
[Sun, 23 Jul 17 19:00:24 +0700][DEBUG] SELECT `options`.`id`, `options`.`op_key`, `options`.`op_value`, `options`.`create_by`, `options`.`create_time`, `options`.`modify_by`, `options`.`modify_time` FROM `options` 0.00079894065856934
[Sun, 23 Jul 17 19:00:24 +0700][DEBUG] SELECT IF(COUNT(*) > 0, 1, 0) FROM `INFORMATION_SCHEMA`.`TABLES` WHERE `TABLE_NAME` = 'menu' AND `TABLE_SCHEMA` = DATABASE() 0.00090885162353516
[Sun, 23 Jul 17 19:00:24 +0700][DEBUG] DESCRIBE `menu` 0.0012590885162354
[Sun, 23 Jul 17 19:00:24 +0700][DEBUG] SELECT `menu`.`id` AS `id`, `menu`.`name` AS `name`, `menu`.`url` AS `url`, `menu`.`parent` AS `parent`, `menu`.`path` AS `path`, `menu`.`sort` AS `sort`, `menu`.`modify_time` AS `modify_time`, `menu`.`id_category` AS `id_category` FROM `menu` WHERE `menu`.`is_deleted` = :is_deleted ORDER BY `menu`.`sort` ASC 0.00075912475585938
[Sun, 23 Jul 17 19:00:24 +0700][DEBUG] SELECT IF(COUNT(*) > 0, 1, 0) FROM `INFORMATION_SCHEMA`.`TABLES` WHERE `TABLE_NAME` = 'categories' AND `TABLE_SCHEMA` = DATABASE() 0.00071310997009277
[Sun, 23 Jul 17 19:00:24 +0700][DEBUG] DESCRIBE `categories` 0.0012638568878174
[Sun, 23 Jul 17 19:00:24 +0700][DEBUG] SELECT `categories`.`id`, `categories`.`name`, `categories`.`slug`, `categories`.`description`, `categories`.`parent`, `categories`.`path`, `categories`.`status`, `categories`.`is_deleted`, `categories`.`sort`, `categories`.`create_by`, `categories`.`create_time`, `categories`.`modify_by`, `categories`.`modify_time` FROM `categories` WHERE `categories`.`id` = :id LIMIT :APL0 0.00046682357788086
[Sun, 23 Jul 17 19:00:24 +0700][DEBUG] SELECT `categories`.`id`, `categories`.`name`, `categories`.`slug`, `categories`.`description`, `categories`.`parent`, `categories`.`path`, `categories`.`status`, `categories`.`is_deleted`, `categories`.`sort`, `categories`.`create_by`, `categories`.`create_time`, `categories`.`modify_by`, `categories`.`modify_time` FROM `categories` WHERE `categories`.`id` = :id LIMIT :APL0 0.00064206123352051
[Sun, 23 Jul 17 19:00:24 +0700][DEBUG] SELECT `categories`.`id`, `categories`.`name`, `categories`.`slug`, `categories`.`description`, `categories`.`parent`, `categories`.`path`, `categories`.`status`, `categories`.`is_deleted`, `categories`.`sort`, `categories`.`create_by`, `categories`.`create_time`, `categories`.`modify_by`, `categories`.`modify_time` FROM `categories` WHERE `categories`.`id` = :id LIMIT :APL0 0.00048279762268066
[Sun, 23 Jul 17 19:00:24 +0700][DEBUG] SELECT IF(COUNT(*) > 0, 1, 0) FROM `INFORMATION_SCHEMA`.`TABLES` WHERE `TABLE_NAME` = 'sale_pages' AND `TABLE_SCHEMA` = DATABASE() 0.00093698501586914
[Sun, 23 Jul 17 19:00:24 +0700][DEBUG] DESCRIBE `sale_pages` 0.0017459392547607
[Sun, 23 Jul 17 19:00:24 +0700][DEBUG] SELECT `a`.`id`, `a`.`name`, `a`.`title`, `a`.`keyword`, `a`.`description`, `a`.`id_category`, `a`.`content`, `a`.`alias`, `a`.`status`, `a`.`image`, `a`.`logo`, `a`.`phone`, `a`.`email`, `a`.`address`, `a`.`video`, `a`.`is_popup`, `a`.`popup_image`, `a`.`popup_description`, `a`.`popup_tracking`, `a`.`copyright`, `a`.`link_facebook`, `a`.`link_google`, `a`.`link_twitter`, `a`.`link_linkedin`, `a`.`link_youtube`, `a`.`is_deleted`, `a`.`create_by`, `a`.`create_time`, `a`.`modify_time`, `a`.`modify_by` FROM `sale_pages` AS `a` WHERE ((`a`.`is_deleted` = :is_deleted) AND (`a`.`status` > 0)) AND (`a`.`alias` = :alias) 0.00082302093505859
[Sun, 23 Jul 17 19:00:24 +0700][ERROR] {"file":"\/var\/www\/beby.vn\/app\/frontend\/models\/SalePagesModel.php","line":48,"code":0,"message":"Get data failed","trace":"#0 \/var\/www\/beby.vn\/app\/frontend\/repositories\/SalePages.php(47): Lcd\\App\\Frontend\\Models\\SalePagesModel->detail_by_alias('bai-viet-sale-p...', Array)\n#1 \/var\/www\/beby.vn\/app\/frontend\/controllers\/SalePageController.php(45): Lcd\\App\\Frontend\\Repositories\\SalePages->detail_by_alias('bai-viet-sale-p...', Array)\n#2 [internal function]: Lcd\\App\\Frontend\\Controllers\\SalePageController->indexAction('bai-viet-sale-p...')\n#3 [internal function]: Phalcon\\Dispatcher->callActionMethod(Object(Lcd\\App\\Frontend\\Controllers\\SalePageController), 'indexAction', Array)\n#4 [internal function]: Phalcon\\Dispatcher->_dispatch()\n#5 [internal function]: Phalcon\\Dispatcher->dispatch()\n#6 \/var\/www\/beby.vn\/public\/index.php(48): Phalcon\\Mvc\\Application->handle()\n#7 {main}"}
[Sun, 23 Jul 17 19:00:25 +0700][DEBUG] SELECT IF(COUNT(*) > 0, 1, 0) FROM `INFORMATION_SCHEMA`.`TABLES` WHERE `TABLE_NAME` = 'options' AND `TABLE_SCHEMA` = DATABASE() 0.00078082084655762
[Sun, 23 Jul 17 19:00:25 +0700][DEBUG] DESCRIBE `options` 0.0012710094451904
[Sun, 23 Jul 17 19:00:25 +0700][DEBUG] SELECT `options`.`id`, `options`.`op_key`, `options`.`op_value`, `options`.`create_by`, `options`.`create_time`, `options`.`modify_by`, `options`.`modify_time` FROM `options` 0.00076603889465332
[Sun, 23 Jul 17 19:00:25 +0700][DEBUG] SELECT IF(COUNT(*) > 0, 1, 0) FROM `INFORMATION_SCHEMA`.`TABLES` WHERE `TABLE_NAME` = 'menu' AND `TABLE_SCHEMA` = DATABASE() 0.00081205368041992
[Sun, 23 Jul 17 19:00:25 +0700][DEBUG] DESCRIBE `menu` 0.001201868057251
[Sun, 23 Jul 17 19:00:25 +0700][DEBUG] SELECT `menu`.`id` AS `id`, `menu`.`name` AS `name`, `menu`.`url` AS `url`, `menu`.`parent` AS `parent`, `menu`.`path` AS `path`, `menu`.`sort` AS `sort`, `menu`.`modify_time` AS `modify_time`, `menu`.`id_category` AS `id_category` FROM `menu` WHERE `menu`.`is_deleted` = :is_deleted ORDER BY `menu`.`sort` ASC 0.0010488033294678
[Sun, 23 Jul 17 19:00:25 +0700][DEBUG] SELECT IF(COUNT(*) > 0, 1, 0) FROM `INFORMATION_SCHEMA`.`TABLES` WHERE `TABLE_NAME` = 'categories' AND `TABLE_SCHEMA` = DATABASE() 0.00072097778320312
[Sun, 23 Jul 17 19:00:25 +0700][DEBUG] DESCRIBE `categories` 0.0012249946594238
[Sun, 23 Jul 17 19:00:25 +0700][DEBUG] SELECT `categories`.`id`, `categories`.`name`, `categories`.`slug`, `categories`.`description`, `categories`.`parent`, `categories`.`path`, `categories`.`status`, `categories`.`is_deleted`, `categories`.`sort`, `categories`.`create_by`, `categories`.`create_time`, `categories`.`modify_by`, `categories`.`modify_time` FROM `categories` WHERE `categories`.`id` = :id LIMIT :APL0 0.00066900253295898
[Sun, 23 Jul 17 19:00:25 +0700][DEBUG] SELECT `categories`.`id`, `categories`.`name`, `categories`.`slug`, `categories`.`description`, `categories`.`parent`, `categories`.`path`, `categories`.`status`, `categories`.`is_deleted`, `categories`.`sort`, `categories`.`create_by`, `categories`.`create_time`, `categories`.`modify_by`, `categories`.`modify_time` FROM `categories` WHERE `categories`.`id` = :id LIMIT :APL0 0.00036001205444336
[Sun, 23 Jul 17 19:00:25 +0700][DEBUG] SELECT `categories`.`id`, `categories`.`name`, `categories`.`slug`, `categories`.`description`, `categories`.`parent`, `categories`.`path`, `categories`.`status`, `categories`.`is_deleted`, `categories`.`sort`, `categories`.`create_by`, `categories`.`create_time`, `categories`.`modify_by`, `categories`.`modify_time` FROM `categories` WHERE `categories`.`id` = :id LIMIT :APL0 0.00034999847412109
[Sun, 23 Jul 17 19:00:33 +0700][DEBUG] SELECT IF(COUNT(*) > 0, 1, 0) FROM `INFORMATION_SCHEMA`.`TABLES` WHERE `TABLE_NAME` = 'options' AND `TABLE_SCHEMA` = DATABASE() 0.0010828971862793
[Sun, 23 Jul 17 19:00:33 +0700][DEBUG] DESCRIBE `options` 0.0011708736419678
[Sun, 23 Jul 17 19:00:33 +0700][DEBUG] SELECT `options`.`id`, `options`.`op_key`, `options`.`op_value`, `options`.`create_by`, `options`.`create_time`, `options`.`modify_by`, `options`.`modify_time` FROM `options` 0.00048184394836426
[Sun, 23 Jul 17 19:00:33 +0700][DEBUG] SELECT IF(COUNT(*) > 0, 1, 0) FROM `INFORMATION_SCHEMA`.`TABLES` WHERE `TABLE_NAME` = 'menu' AND `TABLE_SCHEMA` = DATABASE() 0.00062203407287598
[Sun, 23 Jul 17 19:00:33 +0700][DEBUG] DESCRIBE `menu` 0.0010159015655518
[Sun, 23 Jul 17 19:00:33 +0700][DEBUG] SELECT `menu`.`id` AS `id`, `menu`.`name` AS `name`, `menu`.`url` AS `url`, `menu`.`parent` AS `parent`, `menu`.`path` AS `path`, `menu`.`sort` AS `sort`, `menu`.`modify_time` AS `modify_time`, `menu`.`id_category` AS `id_category` FROM `menu` WHERE `menu`.`is_deleted` = :is_deleted ORDER BY `menu`.`sort` ASC 0.00056791305541992
[Sun, 23 Jul 17 19:00:33 +0700][DEBUG] SELECT IF(COUNT(*) > 0, 1, 0) FROM `INFORMATION_SCHEMA`.`TABLES` WHERE `TABLE_NAME` = 'categories' AND `TABLE_SCHEMA` = DATABASE() 0.00039911270141602
[Sun, 23 Jul 17 19:00:33 +0700][DEBUG] DESCRIBE `categories` 0.00078296661376953
[Sun, 23 Jul 17 19:00:33 +0700][DEBUG] SELECT `categories`.`id`, `categories`.`name`, `categories`.`slug`, `categories`.`description`, `categories`.`parent`, `categories`.`path`, `categories`.`status`, `categories`.`is_deleted`, `categories`.`sort`, `categories`.`create_by`, `categories`.`create_time`, `categories`.`modify_by`, `categories`.`modify_time` FROM `categories` WHERE `categories`.`id` = :id LIMIT :APL0 0.00053286552429199
[Sun, 23 Jul 17 19:00:33 +0700][DEBUG] SELECT `categories`.`id`, `categories`.`name`, `categories`.`slug`, `categories`.`description`, `categories`.`parent`, `categories`.`path`, `categories`.`status`, `categories`.`is_deleted`, `categories`.`sort`, `categories`.`create_by`, `categories`.`create_time`, `categories`.`modify_by`, `categories`.`modify_time` FROM `categories` WHERE `categories`.`id` = :id LIMIT :APL0 0.00030183792114258
[Sun, 23 Jul 17 19:00:33 +0700][DEBUG] SELECT `categories`.`id`, `categories`.`name`, `categories`.`slug`, `categories`.`description`, `categories`.`parent`, `categories`.`path`, `categories`.`status`, `categories`.`is_deleted`, `categories`.`sort`, `categories`.`create_by`, `categories`.`create_time`, `categories`.`modify_by`, `categories`.`modify_time` FROM `categories` WHERE `categories`.`id` = :id LIMIT :APL0 0.00030303001403809
[Sun, 23 Jul 17 19:00:33 +0700][DEBUG] SELECT IF(COUNT(*) > 0, 1, 0) FROM `INFORMATION_SCHEMA`.`TABLES` WHERE `TABLE_NAME` = 'sale_pages' AND `TABLE_SCHEMA` = DATABASE() 0.00070500373840332
[Sun, 23 Jul 17 19:00:33 +0700][DEBUG] DESCRIBE `sale_pages` 0.0014410018920898
[Sun, 23 Jul 17 19:00:33 +0700][DEBUG] SELECT `a`.`id`, `a`.`name`, `a`.`title`, `a`.`keyword`, `a`.`description`, `a`.`id_category`, `a`.`content`, `a`.`alias`, `a`.`status`, `a`.`image`, `a`.`logo`, `a`.`phone`, `a`.`email`, `a`.`address`, `a`.`video`, `a`.`is_popup`, `a`.`popup_image`, `a`.`popup_description`, `a`.`popup_tracking`, `a`.`copyright`, `a`.`link_facebook`, `a`.`link_google`, `a`.`link_twitter`, `a`.`link_linkedin`, `a`.`link_youtube`, `a`.`is_deleted`, `a`.`create_by`, `a`.`create_time`, `a`.`modify_time`, `a`.`modify_by` FROM `sale_pages` AS `a` WHERE (`a`.`is_deleted` = :is_deleted) AND (`a`.`alias` = :alias) 0.0005791187286377
[Sun, 23 Jul 17 19:00:33 +0700][ERROR] {"file":"\/var\/www\/beby.vn\/app\/frontend\/models\/SalePagesModel.php","line":48,"code":0,"message":"Get data failed","trace":"#0 \/var\/www\/beby.vn\/app\/frontend\/repositories\/SalePages.php(47): Lcd\\App\\Frontend\\Models\\SalePagesModel->detail_by_alias('bai-viet-sale-p...', Array)\n#1 \/var\/www\/beby.vn\/app\/frontend\/controllers\/SalePageController.php(45): Lcd\\App\\Frontend\\Repositories\\SalePages->detail_by_alias('bai-viet-sale-p...', Array)\n#2 [internal function]: Lcd\\App\\Frontend\\Controllers\\SalePageController->indexAction('bai-viet-sale-p...', 'review')\n#3 [internal function]: Phalcon\\Dispatcher->callActionMethod(Object(Lcd\\App\\Frontend\\Controllers\\SalePageController), 'indexAction', Array)\n#4 [internal function]: Phalcon\\Dispatcher->_dispatch()\n#5 [internal function]: Phalcon\\Dispatcher->dispatch()\n#6 \/var\/www\/beby.vn\/public\/index.php(48): Phalcon\\Mvc\\Application->handle()\n#7 {main}"}
[Sun, 23 Jul 17 19:05:21 +0700][DEBUG] SELECT IF(COUNT(*) > 0, 1, 0) FROM `INFORMATION_SCHEMA`.`TABLES` WHERE `TABLE_NAME` = 'options' AND `TABLE_SCHEMA` = DATABASE() 0.00061607360839844
[Sun, 23 Jul 17 19:05:21 +0700][DEBUG] DESCRIBE `options` 0.00079083442687988
[Sun, 23 Jul 17 19:05:21 +0700][DEBUG] SELECT `options`.`id`, `options`.`op_key`, `options`.`op_value`, `options`.`create_by`, `options`.`create_time`, `options`.`modify_by`, `options`.`modify_time` FROM `options` 0.00056219100952148
[Sun, 23 Jul 17 19:05:21 +0700][DEBUG] SELECT IF(COUNT(*) > 0, 1, 0) FROM `INFORMATION_SCHEMA`.`TABLES` WHERE `TABLE_NAME` = 'menu' AND `TABLE_SCHEMA` = DATABASE() 0.00047397613525391
[Sun, 23 Jul 17 19:05:21 +0700][DEBUG] DESCRIBE `menu` 0.00084304809570312
[Sun, 23 Jul 17 19:05:21 +0700][DEBUG] SELECT `menu`.`id` AS `id`, `menu`.`name` AS `name`, `menu`.`url` AS `url`, `menu`.`parent` AS `parent`, `menu`.`path` AS `path`, `menu`.`sort` AS `sort`, `menu`.`modify_time` AS `modify_time`, `menu`.`id_category` AS `id_category` FROM `menu` WHERE `menu`.`is_deleted` = :is_deleted ORDER BY `menu`.`sort` ASC 0.00044012069702148
[Sun, 23 Jul 17 19:05:21 +0700][DEBUG] SELECT IF(COUNT(*) > 0, 1, 0) FROM `INFORMATION_SCHEMA`.`TABLES` WHERE `TABLE_NAME` = 'categories' AND `TABLE_SCHEMA` = DATABASE() 0.0003352165222168
[Sun, 23 Jul 17 19:05:21 +0700][DEBUG] DESCRIBE `categories` 0.00069594383239746
[Sun, 23 Jul 17 19:05:21 +0700][DEBUG] SELECT `categories`.`id`, `categories`.`name`, `categories`.`slug`, `categories`.`description`, `categories`.`parent`, `categories`.`path`, `categories`.`status`, `categories`.`is_deleted`, `categories`.`sort`, `categories`.`create_by`, `categories`.`create_time`, `categories`.`modify_by`, `categories`.`modify_time` FROM `categories` WHERE `categories`.`id` = :id LIMIT :APL0 0.00028896331787109
[Sun, 23 Jul 17 19:05:21 +0700][DEBUG] SELECT `categories`.`id`, `categories`.`name`, `categories`.`slug`, `categories`.`description`, `categories`.`parent`, `categories`.`path`, `categories`.`status`, `categories`.`is_deleted`, `categories`.`sort`, `categories`.`create_by`, `categories`.`create_time`, `categories`.`modify_by`, `categories`.`modify_time` FROM `categories` WHERE `categories`.`id` = :id LIMIT :APL0 0.00026202201843262
[Sun, 23 Jul 17 19:05:21 +0700][DEBUG] SELECT `categories`.`id`, `categories`.`name`, `categories`.`slug`, `categories`.`description`, `categories`.`parent`, `categories`.`path`, `categories`.`status`, `categories`.`is_deleted`, `categories`.`sort`, `categories`.`create_by`, `categories`.`create_time`, `categories`.`modify_by`, `categories`.`modify_time` FROM `categories` WHERE `categories`.`id` = :id LIMIT :APL0 0.0002901554107666
[Sun, 23 Jul 17 19:05:21 +0700][DEBUG] SELECT IF(COUNT(*) > 0, 1, 0) FROM `INFORMATION_SCHEMA`.`TABLES` WHERE `TABLE_NAME` = 'sale_pages' AND `TABLE_SCHEMA` = DATABASE() 0.00042986869812012
[Sun, 23 Jul 17 19:05:21 +0700][DEBUG] DESCRIBE `sale_pages` 0.0013790130615234
[Sun, 23 Jul 17 19:05:21 +0700][DEBUG] SELECT `a`.`id`, `a`.`name`, `a`.`title`, `a`.`keyword`, `a`.`description`, `a`.`id_category`, `a`.`content`, `a`.`alias`, `a`.`status`, `a`.`image`, `a`.`logo`, `a`.`phone`, `a`.`email`, `a`.`address`, `a`.`video`, `a`.`is_popup`, `a`.`popup_image`, `a`.`popup_description`, `a`.`popup_tracking`, `a`.`copyright`, `a`.`link_facebook`, `a`.`link_google`, `a`.`link_twitter`, `a`.`link_linkedin`, `a`.`link_youtube`, `a`.`is_deleted`, `a`.`create_by`, `a`.`create_time`, `a`.`modify_time`, `a`.`modify_by` FROM `sale_pages` AS `a` WHERE ((`a`.`is_deleted` = :is_deleted) AND (`a`.`status` > 0)) AND (`a`.`alias` = :alias) 0.00039815902709961
[Sun, 23 Jul 17 19:05:21 +0700][ERROR] {"file":"\/var\/www\/beby.vn\/app\/frontend\/models\/SalePagesModel.php","line":48,"code":0,"message":"Get data failed","trace":"#0 \/var\/www\/beby.vn\/app\/frontend\/repositories\/SalePages.php(47): Lcd\\App\\Frontend\\Models\\SalePagesModel->detail_by_alias('bai-viet-sale-p...', Array)\n#1 \/var\/www\/beby.vn\/app\/frontend\/controllers\/SalePageController.php(46): Lcd\\App\\Frontend\\Repositories\\SalePages->detail_by_alias('bai-viet-sale-p...', Array)\n#2 [internal function]: Lcd\\App\\Frontend\\Controllers\\SalePageController->indexAction('bai-viet-sale-p...', 'preview')\n#3 [internal function]: Phalcon\\Dispatcher->callActionMethod(Object(Lcd\\App\\Frontend\\Controllers\\SalePageController), 'indexAction', Array)\n#4 [internal function]: Phalcon\\Dispatcher->_dispatch()\n#5 [internal function]: Phalcon\\Dispatcher->dispatch()\n#6 \/var\/www\/beby.vn\/public\/index.php(48): Phalcon\\Mvc\\Application->handle()\n#7 {main}"}
[Sun, 23 Jul 17 19:05:22 +0700][DEBUG] SELECT IF(COUNT(*) > 0, 1, 0) FROM `INFORMATION_SCHEMA`.`TABLES` WHERE `TABLE_NAME` = 'options' AND `TABLE_SCHEMA` = DATABASE() 0.0010039806365967
[Sun, 23 Jul 17 19:05:22 +0700][DEBUG] DESCRIBE `options` 0.0012178421020508
[Sun, 23 Jul 17 19:05:22 +0700][DEBUG] SELECT `options`.`id`, `options`.`op_key`, `options`.`op_value`, `options`.`create_by`, `options`.`create_time`, `options`.`modify_by`, `options`.`modify_time` FROM `options` 0.00063014030456543
[Sun, 23 Jul 17 19:05:22 +0700][DEBUG] SELECT IF(COUNT(*) > 0, 1, 0) FROM `INFORMATION_SCHEMA`.`TABLES` WHERE `TABLE_NAME` = 'menu' AND `TABLE_SCHEMA` = DATABASE() 0.0006709098815918
[Sun, 23 Jul 17 19:05:22 +0700][DEBUG] DESCRIBE `menu` 0.00085115432739258
[Sun, 23 Jul 17 19:05:22 +0700][DEBUG] SELECT `menu`.`id` AS `id`, `menu`.`name` AS `name`, `menu`.`url` AS `url`, `menu`.`parent` AS `parent`, `menu`.`path` AS `path`, `menu`.`sort` AS `sort`, `menu`.`modify_time` AS `modify_time`, `menu`.`id_category` AS `id_category` FROM `menu` WHERE `menu`.`is_deleted` = :is_deleted ORDER BY `menu`.`sort` ASC 0.0006871223449707
[Sun, 23 Jul 17 19:05:22 +0700][DEBUG] SELECT IF(COUNT(*) > 0, 1, 0) FROM `INFORMATION_SCHEMA`.`TABLES` WHERE `TABLE_NAME` = 'categories' AND `TABLE_SCHEMA` = DATABASE() 0.00047802925109863
[Sun, 23 Jul 17 19:05:22 +0700][DEBUG] DESCRIBE `categories` 0.00091099739074707
[Sun, 23 Jul 17 19:05:22 +0700][DEBUG] SELECT `categories`.`id`, `categories`.`name`, `categories`.`slug`, `categories`.`description`, `categories`.`parent`, `categories`.`path`, `categories`.`status`, `categories`.`is_deleted`, `categories`.`sort`, `categories`.`create_by`, `categories`.`create_time`, `categories`.`modify_by`, `categories`.`modify_time` FROM `categories` WHERE `categories`.`id` = :id LIMIT :APL0 0.00045990943908691
[Sun, 23 Jul 17 19:05:22 +0700][DEBUG] SELECT `categories`.`id`, `categories`.`name`, `categories`.`slug`, `categories`.`description`, `categories`.`parent`, `categories`.`path`, `categories`.`status`, `categories`.`is_deleted`, `categories`.`sort`, `categories`.`create_by`, `categories`.`create_time`, `categories`.`modify_by`, `categories`.`modify_time` FROM `categories` WHERE `categories`.`id` = :id LIMIT :APL0 0.00037312507629395
[Sun, 23 Jul 17 19:05:22 +0700][DEBUG] SELECT `categories`.`id`, `categories`.`name`, `categories`.`slug`, `categories`.`description`, `categories`.`parent`, `categories`.`path`, `categories`.`status`, `categories`.`is_deleted`, `categories`.`sort`, `categories`.`create_by`, `categories`.`create_time`, `categories`.`modify_by`, `categories`.`modify_time` FROM `categories` WHERE `categories`.`id` = :id LIMIT :APL0 0.00035190582275391
[Sun, 23 Jul 17 19:06:15 +0700][DEBUG] SELECT IF(COUNT(*) > 0, 1, 0) FROM `INFORMATION_SCHEMA`.`TABLES` WHERE `TABLE_NAME` = 'options' AND `TABLE_SCHEMA` = DATABASE() 0.00097107887268066
[Sun, 23 Jul 17 19:06:15 +0700][DEBUG] DESCRIBE `options` 0.0013351440429688
[Sun, 23 Jul 17 19:06:15 +0700][DEBUG] SELECT `options`.`id`, `options`.`op_key`, `options`.`op_value`, `options`.`create_by`, `options`.`create_time`, `options`.`modify_by`, `options`.`modify_time` FROM `options` 0.000518798828125
[Sun, 23 Jul 17 19:06:15 +0700][DEBUG] SELECT IF(COUNT(*) > 0, 1, 0) FROM `INFORMATION_SCHEMA`.`TABLES` WHERE `TABLE_NAME` = 'menu' AND `TABLE_SCHEMA` = DATABASE() 0.00074100494384766
[Sun, 23 Jul 17 19:06:15 +0700][DEBUG] DESCRIBE `menu` 0.0011639595031738
[Sun, 23 Jul 17 19:06:15 +0700][DEBUG] SELECT `menu`.`id` AS `id`, `menu`.`name` AS `name`, `menu`.`url` AS `url`, `menu`.`parent` AS `parent`, `menu`.`path` AS `path`, `menu`.`sort` AS `sort`, `menu`.`modify_time` AS `modify_time`, `menu`.`id_category` AS `id_category` FROM `menu` WHERE `menu`.`is_deleted` = :is_deleted ORDER BY `menu`.`sort` ASC 0.00081682205200195
[Sun, 23 Jul 17 19:06:15 +0700][DEBUG] SELECT IF(COUNT(*) > 0, 1, 0) FROM `INFORMATION_SCHEMA`.`TABLES` WHERE `TABLE_NAME` = 'categories' AND `TABLE_SCHEMA` = DATABASE() 0.00047612190246582
[Sun, 23 Jul 17 19:06:15 +0700][DEBUG] DESCRIBE `categories` 0.0006258487701416
[Sun, 23 Jul 17 19:06:15 +0700][DEBUG] SELECT `categories`.`id`, `categories`.`name`, `categories`.`slug`, `categories`.`description`, `categories`.`parent`, `categories`.`path`, `categories`.`status`, `categories`.`is_deleted`, `categories`.`sort`, `categories`.`create_by`, `categories`.`create_time`, `categories`.`modify_by`, `categories`.`modify_time` FROM `categories` WHERE `categories`.`id` = :id LIMIT :APL0 0.0005800724029541
[Sun, 23 Jul 17 19:06:15 +0700][DEBUG] SELECT `categories`.`id`, `categories`.`name`, `categories`.`slug`, `categories`.`description`, `categories`.`parent`, `categories`.`path`, `categories`.`status`, `categories`.`is_deleted`, `categories`.`sort`, `categories`.`create_by`, `categories`.`create_time`, `categories`.`modify_by`, `categories`.`modify_time` FROM `categories` WHERE `categories`.`id` = :id LIMIT :APL0 0.00046706199645996
[Sun, 23 Jul 17 19:06:15 +0700][DEBUG] SELECT `categories`.`id`, `categories`.`name`, `categories`.`slug`, `categories`.`description`, `categories`.`parent`, `categories`.`path`, `categories`.`status`, `categories`.`is_deleted`, `categories`.`sort`, `categories`.`create_by`, `categories`.`create_time`, `categories`.`modify_by`, `categories`.`modify_time` FROM `categories` WHERE `categories`.`id` = :id LIMIT :APL0 0.00030112266540527
[Sun, 23 Jul 17 19:06:19 +0700][DEBUG] SELECT IF(COUNT(*) > 0, 1, 0) FROM `INFORMATION_SCHEMA`.`TABLES` WHERE `TABLE_NAME` = 'options' AND `TABLE_SCHEMA` = DATABASE() 0.00067901611328125
[Sun, 23 Jul 17 19:06:19 +0700][DEBUG] DESCRIBE `options` 0.0009160041809082
[Sun, 23 Jul 17 19:06:19 +0700][DEBUG] SELECT `options`.`id`, `options`.`op_key`, `options`.`op_value`, `options`.`create_by`, `options`.`create_time`, `options`.`modify_by`, `options`.`modify_time` FROM `options` 0.00090503692626953
[Sun, 23 Jul 17 19:06:19 +0700][DEBUG] SELECT IF(COUNT(*) > 0, 1, 0) FROM `INFORMATION_SCHEMA`.`TABLES` WHERE `TABLE_NAME` = 'menu' AND `TABLE_SCHEMA` = DATABASE() 0.00035786628723145
[Sun, 23 Jul 17 19:06:19 +0700][DEBUG] DESCRIBE `menu` 0.00081515312194824
[Sun, 23 Jul 17 19:06:19 +0700][DEBUG] SELECT `menu`.`id` AS `id`, `menu`.`name` AS `name`, `menu`.`url` AS `url`, `menu`.`parent` AS `parent`, `menu`.`path` AS `path`, `menu`.`sort` AS `sort`, `menu`.`modify_time` AS `modify_time`, `menu`.`id_category` AS `id_category` FROM `menu` WHERE `menu`.`is_deleted` = :is_deleted ORDER BY `menu`.`sort` ASC 0.0003669261932373
[Sun, 23 Jul 17 19:06:19 +0700][DEBUG] SELECT IF(COUNT(*) > 0, 1, 0) FROM `INFORMATION_SCHEMA`.`TABLES` WHERE `TABLE_NAME` = 'categories' AND `TABLE_SCHEMA` = DATABASE() 0.00039482116699219
[Sun, 23 Jul 17 19:06:19 +0700][DEBUG] DESCRIBE `categories` 0.00056695938110352
[Sun, 23 Jul 17 19:06:19 +0700][DEBUG] SELECT `categories`.`id`, `categories`.`name`, `categories`.`slug`, `categories`.`description`, `categories`.`parent`, `categories`.`path`, `categories`.`status`, `categories`.`is_deleted`, `categories`.`sort`, `categories`.`create_by`, `categories`.`create_time`, `categories`.`modify_by`, `categories`.`modify_time` FROM `categories` WHERE `categories`.`id` = :id LIMIT :APL0 0.00024199485778809
[Sun, 23 Jul 17 19:06:19 +0700][DEBUG] SELECT `categories`.`id`, `categories`.`name`, `categories`.`slug`, `categories`.`description`, `categories`.`parent`, `categories`.`path`, `categories`.`status`, `categories`.`is_deleted`, `categories`.`sort`, `categories`.`create_by`, `categories`.`create_time`, `categories`.`modify_by`, `categories`.`modify_time` FROM `categories` WHERE `categories`.`id` = :id LIMIT :APL0 0.00024008750915527
[Sun, 23 Jul 17 19:06:19 +0700][DEBUG] SELECT `categories`.`id`, `categories`.`name`, `categories`.`slug`, `categories`.`description`, `categories`.`parent`, `categories`.`path`, `categories`.`status`, `categories`.`is_deleted`, `categories`.`sort`, `categories`.`create_by`, `categories`.`create_time`, `categories`.`modify_by`, `categories`.`modify_time` FROM `categories` WHERE `categories`.`id` = :id LIMIT :APL0 0.00021815299987793
[Sun, 23 Jul 17 19:07:06 +0700][DEBUG] SELECT IF(COUNT(*) > 0, 1, 0) FROM `INFORMATION_SCHEMA`.`TABLES` WHERE `TABLE_NAME` = 'options' AND `TABLE_SCHEMA` = DATABASE() 0.0007169246673584
[Sun, 23 Jul 17 19:07:06 +0700][DEBUG] DESCRIBE `options` 0.00092911720275879
[Sun, 23 Jul 17 19:07:06 +0700][DEBUG] SELECT `options`.`id`, `options`.`op_key`, `options`.`op_value`, `options`.`create_by`, `options`.`create_time`, `options`.`modify_by`, `options`.`modify_time` FROM `options` 0.00054597854614258
[Sun, 23 Jul 17 19:07:06 +0700][DEBUG] SELECT IF(COUNT(*) > 0, 1, 0) FROM `INFORMATION_SCHEMA`.`TABLES` WHERE `TABLE_NAME` = 'menu' AND `TABLE_SCHEMA` = DATABASE() 0.00062298774719238
[Sun, 23 Jul 17 19:07:06 +0700][DEBUG] DESCRIBE `menu` 0.00080299377441406
[Sun, 23 Jul 17 19:07:06 +0700][DEBUG] SELECT `menu`.`id` AS `id`, `menu`.`name` AS `name`, `menu`.`url` AS `url`, `menu`.`parent` AS `parent`, `menu`.`path` AS `path`, `menu`.`sort` AS `sort`, `menu`.`modify_time` AS `modify_time`, `menu`.`id_category` AS `id_category` FROM `menu` WHERE `menu`.`is_deleted` = :is_deleted ORDER BY `menu`.`sort` ASC 0.00044679641723633
[Sun, 23 Jul 17 19:07:06 +0700][DEBUG] SELECT IF(COUNT(*) > 0, 1, 0) FROM `INFORMATION_SCHEMA`.`TABLES` WHERE `TABLE_NAME` = 'categories' AND `TABLE_SCHEMA` = DATABASE() 0.00036001205444336
[Sun, 23 Jul 17 19:07:06 +0700][DEBUG] DESCRIBE `categories` 0.00067687034606934
[Sun, 23 Jul 17 19:07:06 +0700][DEBUG] SELECT `categories`.`id`, `categories`.`name`, `categories`.`slug`, `categories`.`description`, `categories`.`parent`, `categories`.`path`, `categories`.`status`, `categories`.`is_deleted`, `categories`.`sort`, `categories`.`create_by`, `categories`.`create_time`, `categories`.`modify_by`, `categories`.`modify_time` FROM `categories` WHERE `categories`.`id` = :id LIMIT :APL0 0.00033092498779297
[Sun, 23 Jul 17 19:07:06 +0700][DEBUG] SELECT `categories`.`id`, `categories`.`name`, `categories`.`slug`, `categories`.`description`, `categories`.`parent`, `categories`.`path`, `categories`.`status`, `categories`.`is_deleted`, `categories`.`sort`, `categories`.`create_by`, `categories`.`create_time`, `categories`.`modify_by`, `categories`.`modify_time` FROM `categories` WHERE `categories`.`id` = :id LIMIT :APL0 0.00025606155395508
[Sun, 23 Jul 17 19:07:06 +0700][DEBUG] SELECT `categories`.`id`, `categories`.`name`, `categories`.`slug`, `categories`.`description`, `categories`.`parent`, `categories`.`path`, `categories`.`status`, `categories`.`is_deleted`, `categories`.`sort`, `categories`.`create_by`, `categories`.`create_time`, `categories`.`modify_by`, `categories`.`modify_time` FROM `categories` WHERE `categories`.`id` = :id LIMIT :APL0 0.00021910667419434
[Sun, 23 Jul 17 19:08:25 +0700][DEBUG] SELECT IF(COUNT(*) > 0, 1, 0) FROM `INFORMATION_SCHEMA`.`TABLES` WHERE `TABLE_NAME` = 'options' AND `TABLE_SCHEMA` = DATABASE() 0.00095605850219727
[Sun, 23 Jul 17 19:08:25 +0700][DEBUG] DESCRIBE `options` 0.0014889240264893
[Sun, 23 Jul 17 19:08:25 +0700][DEBUG] SELECT `options`.`id`, `options`.`op_key`, `options`.`op_value`, `options`.`create_by`, `options`.`create_time`, `options`.`modify_by`, `options`.`modify_time` FROM `options` 0.00093197822570801
[Sun, 23 Jul 17 19:08:25 +0700][DEBUG] SELECT IF(COUNT(*) > 0, 1, 0) FROM `INFORMATION_SCHEMA`.`TABLES` WHERE `TABLE_NAME` = 'menu' AND `TABLE_SCHEMA` = DATABASE() 0.0010139942169189
[Sun, 23 Jul 17 19:08:25 +0700][DEBUG] DESCRIBE `menu` 0.0016121864318848
[Sun, 23 Jul 17 19:08:25 +0700][DEBUG] SELECT `menu`.`id` AS `id`, `menu`.`name` AS `name`, `menu`.`url` AS `url`, `menu`.`parent` AS `parent`, `menu`.`path` AS `path`, `menu`.`sort` AS `sort`, `menu`.`modify_time` AS `modify_time`, `menu`.`id_category` AS `id_category` FROM `menu` WHERE `menu`.`is_deleted` = :is_deleted ORDER BY `menu`.`sort` ASC 0.0014348030090332
[Sun, 23 Jul 17 19:08:25 +0700][DEBUG] SELECT IF(COUNT(*) > 0, 1, 0) FROM `INFORMATION_SCHEMA`.`TABLES` WHERE `TABLE_NAME` = 'categories' AND `TABLE_SCHEMA` = DATABASE() 0.0014021396636963
[Sun, 23 Jul 17 19:08:25 +0700][DEBUG] DESCRIBE `categories` 0.0016109943389893
[Sun, 23 Jul 17 19:08:25 +0700][DEBUG] SELECT `categories`.`id`, `categories`.`name`, `categories`.`slug`, `categories`.`description`, `categories`.`parent`, `categories`.`path`, `categories`.`status`, `categories`.`is_deleted`, `categories`.`sort`, `categories`.`create_by`, `categories`.`create_time`, `categories`.`modify_by`, `categories`.`modify_time` FROM `categories` WHERE `categories`.`id` = :id LIMIT :APL0 0.00091099739074707
[Sun, 23 Jul 17 19:08:25 +0700][DEBUG] SELECT `categories`.`id`, `categories`.`name`, `categories`.`slug`, `categories`.`description`, `categories`.`parent`, `categories`.`path`, `categories`.`status`, `categories`.`is_deleted`, `categories`.`sort`, `categories`.`create_by`, `categories`.`create_time`, `categories`.`modify_by`, `categories`.`modify_time` FROM `categories` WHERE `categories`.`id` = :id LIMIT :APL0 0.00068998336791992
[Sun, 23 Jul 17 19:08:25 +0700][DEBUG] SELECT `categories`.`id`, `categories`.`name`, `categories`.`slug`, `categories`.`description`, `categories`.`parent`, `categories`.`path`, `categories`.`status`, `categories`.`is_deleted`, `categories`.`sort`, `categories`.`create_by`, `categories`.`create_time`, `categories`.`modify_by`, `categories`.`modify_time` FROM `categories` WHERE `categories`.`id` = :id LIMIT :APL0 0.0016679763793945
[Sun, 23 Jul 17 19:09:37 +0700][DEBUG] SELECT IF(COUNT(*) > 0, 1, 0) FROM `INFORMATION_SCHEMA`.`TABLES` WHERE `TABLE_NAME` = 'options' AND `TABLE_SCHEMA` = DATABASE() 0.0010240077972412
[Sun, 23 Jul 17 19:09:37 +0700][DEBUG] DESCRIBE `options` 0.0012168884277344
[Sun, 23 Jul 17 19:09:37 +0700][DEBUG] SELECT `options`.`id`, `options`.`op_key`, `options`.`op_value`, `options`.`create_by`, `options`.`create_time`, `options`.`modify_by`, `options`.`modify_time` FROM `options` 0.00071501731872559
[Sun, 23 Jul 17 19:09:37 +0700][DEBUG] SELECT IF(COUNT(*) > 0, 1, 0) FROM `INFORMATION_SCHEMA`.`TABLES` WHERE `TABLE_NAME` = 'menu' AND `TABLE_SCHEMA` = DATABASE() 0.00056910514831543
[Sun, 23 Jul 17 19:09:37 +0700][DEBUG] DESCRIBE `menu` 0.00080013275146484
[Sun, 23 Jul 17 19:09:37 +0700][DEBUG] SELECT `menu`.`id` AS `id`, `menu`.`name` AS `name`, `menu`.`url` AS `url`, `menu`.`parent` AS `parent`, `menu`.`path` AS `path`, `menu`.`sort` AS `sort`, `menu`.`modify_time` AS `modify_time`, `menu`.`id_category` AS `id_category` FROM `menu` WHERE `menu`.`is_deleted` = :is_deleted ORDER BY `menu`.`sort` ASC 0.00047397613525391
[Sun, 23 Jul 17 19:09:37 +0700][DEBUG] SELECT IF(COUNT(*) > 0, 1, 0) FROM `INFORMATION_SCHEMA`.`TABLES` WHERE `TABLE_NAME` = 'categories' AND `TABLE_SCHEMA` = DATABASE() 0.00034403800964355
[Sun, 23 Jul 17 19:09:37 +0700][DEBUG] DESCRIBE `categories` 0.00075602531433105
[Sun, 23 Jul 17 19:09:37 +0700][DEBUG] SELECT `categories`.`id`, `categories`.`name`, `categories`.`slug`, `categories`.`description`, `categories`.`parent`, `categories`.`path`, `categories`.`status`, `categories`.`is_deleted`, `categories`.`sort`, `categories`.`create_by`, `categories`.`create_time`, `categories`.`modify_by`, `categories`.`modify_time` FROM `categories` WHERE `categories`.`id` = :id LIMIT :APL0 0.00032591819763184
[Sun, 23 Jul 17 19:09:37 +0700][DEBUG] SELECT `categories`.`id`, `categories`.`name`, `categories`.`slug`, `categories`.`description`, `categories`.`parent`, `categories`.`path`, `categories`.`status`, `categories`.`is_deleted`, `categories`.`sort`, `categories`.`create_by`, `categories`.`create_time`, `categories`.`modify_by`, `categories`.`modify_time` FROM `categories` WHERE `categories`.`id` = :id LIMIT :APL0 0.00053191184997559
[Sun, 23 Jul 17 19:09:37 +0700][DEBUG] SELECT `categories`.`id`, `categories`.`name`, `categories`.`slug`, `categories`.`description`, `categories`.`parent`, `categories`.`path`, `categories`.`status`, `categories`.`is_deleted`, `categories`.`sort`, `categories`.`create_by`, `categories`.`create_time`, `categories`.`modify_by`, `categories`.`modify_time` FROM `categories` WHERE `categories`.`id` = :id LIMIT :APL0 0.0003972053527832
[Sun, 23 Jul 17 19:09:37 +0700][DEBUG] SELECT IF(COUNT(*) > 0, 1, 0) FROM `INFORMATION_SCHEMA`.`TABLES` WHERE `TABLE_NAME` = 'sale_pages' AND `TABLE_SCHEMA` = DATABASE() 0.00043916702270508
[Sun, 23 Jul 17 19:09:37 +0700][DEBUG] DESCRIBE `sale_pages` 0.0015311241149902
[Sun, 23 Jul 17 19:09:37 +0700][DEBUG] SELECT `a`.`id`, `a`.`name`, `a`.`title`, `a`.`keyword`, `a`.`description`, `a`.`id_category`, `a`.`content`, `a`.`alias`, `a`.`status`, `a`.`image`, `a`.`logo`, `a`.`phone`, `a`.`email`, `a`.`address`, `a`.`video`, `a`.`is_popup`, `a`.`popup_image`, `a`.`popup_description`, `a`.`popup_tracking`, `a`.`copyright`, `a`.`link_facebook`, `a`.`link_google`, `a`.`link_twitter`, `a`.`link_linkedin`, `a`.`link_youtube`, `a`.`is_deleted`, `a`.`create_by`, `a`.`create_time`, `a`.`modify_time`, `a`.`modify_by` FROM `sale_pages` AS `a` WHERE (`a`.`is_deleted` = :is_deleted) AND (`a`.`alias` = :alias) 0.00059199333190918
[Sun, 23 Jul 17 19:09:37 +0700][ERROR] {"file":"\/var\/www\/beby.vn\/app\/frontend\/models\/SalePagesModel.php","line":48,"code":0,"message":"Get data failed","trace":"#0 \/var\/www\/beby.vn\/app\/frontend\/repositories\/SalePages.php(47): Lcd\\App\\Frontend\\Models\\SalePagesModel->detail_by_alias('bai-viet-sale-p...', Array)\n#1 \/var\/www\/beby.vn\/app\/frontend\/controllers\/SalePageController.php(43): Lcd\\App\\Frontend\\Repositories\\SalePages->detail_by_alias('bai-viet-sale-p...', Array)\n#2 [internal function]: Lcd\\App\\Frontend\\Controllers\\SalePageController->indexAction('bai-viet-sale-p...', 'review')\n#3 [internal function]: Phalcon\\Dispatcher->callActionMethod(Object(Lcd\\App\\Frontend\\Controllers\\SalePageController), 'indexAction', Array)\n#4 [internal function]: Phalcon\\Dispatcher->_dispatch()\n#5 [internal function]: Phalcon\\Dispatcher->dispatch()\n#6 \/var\/www\/beby.vn\/public\/index.php(48): Phalcon\\Mvc\\Application->handle()\n#7 {main}"}
[Sun, 23 Jul 17 19:09:40 +0700][DEBUG] SELECT IF(COUNT(*) > 0, 1, 0) FROM `INFORMATION_SCHEMA`.`TABLES` WHERE `TABLE_NAME` = 'options' AND `TABLE_SCHEMA` = DATABASE() 0.00068902969360352
[Sun, 23 Jul 17 19:09:40 +0700][DEBUG] DESCRIBE `options` 0.00079703330993652
[Sun, 23 Jul 17 19:09:40 +0700][DEBUG] SELECT `options`.`id`, `options`.`op_key`, `options`.`op_value`, `options`.`create_by`, `options`.`create_time`, `options`.`modify_by`, `options`.`modify_time` FROM `options` 0.00039982795715332
[Sun, 23 Jul 17 19:09:40 +0700][DEBUG] SELECT IF(COUNT(*) > 0, 1, 0) FROM `INFORMATION_SCHEMA`.`TABLES` WHERE `TABLE_NAME` = 'menu' AND `TABLE_SCHEMA` = DATABASE() 0.00027894973754883
[Sun, 23 Jul 17 19:09:40 +0700][DEBUG] DESCRIBE `menu` 0.00069117546081543
[Sun, 23 Jul 17 19:09:40 +0700][DEBUG] SELECT `menu`.`id` AS `id`, `menu`.`name` AS `name`, `menu`.`url` AS `url`, `menu`.`parent` AS `parent`, `menu`.`path` AS `path`, `menu`.`sort` AS `sort`, `menu`.`modify_time` AS `modify_time`, `menu`.`id_category` AS `id_category` FROM `menu` WHERE `menu`.`is_deleted` = :is_deleted ORDER BY `menu`.`sort` ASC 0.00034999847412109
[Sun, 23 Jul 17 19:09:40 +0700][DEBUG] SELECT IF(COUNT(*) > 0, 1, 0) FROM `INFORMATION_SCHEMA`.`TABLES` WHERE `TABLE_NAME` = 'categories' AND `TABLE_SCHEMA` = DATABASE() 0.00031590461730957
[Sun, 23 Jul 17 19:09:40 +0700][DEBUG] DESCRIBE `categories` 0.00067782402038574
[Sun, 23 Jul 17 19:09:40 +0700][DEBUG] SELECT `categories`.`id`, `categories`.`name`, `categories`.`slug`, `categories`.`description`, `categories`.`parent`, `categories`.`path`, `categories`.`status`, `categories`.`is_deleted`, `categories`.`sort`, `categories`.`create_by`, `categories`.`create_time`, `categories`.`modify_by`, `categories`.`modify_time` FROM `categories` WHERE `categories`.`id` = :id LIMIT :APL0 0.00031018257141113
[Sun, 23 Jul 17 19:09:40 +0700][DEBUG] SELECT `categories`.`id`, `categories`.`name`, `categories`.`slug`, `categories`.`description`, `categories`.`parent`, `categories`.`path`, `categories`.`status`, `categories`.`is_deleted`, `categories`.`sort`, `categories`.`create_by`, `categories`.`create_time`, `categories`.`modify_by`, `categories`.`modify_time` FROM `categories` WHERE `categories`.`id` = :id LIMIT :APL0 0.00025200843811035
[Sun, 23 Jul 17 19:09:40 +0700][DEBUG] SELECT `categories`.`id`, `categories`.`name`, `categories`.`slug`, `categories`.`description`, `categories`.`parent`, `categories`.`path`, `categories`.`status`, `categories`.`is_deleted`, `categories`.`sort`, `categories`.`create_by`, `categories`.`create_time`, `categories`.`modify_by`, `categories`.`modify_time` FROM `categories` WHERE `categories`.`id` = :id LIMIT :APL0 0.00023007392883301
